2026-01-08 00:55:47,547 - HumanitarianLogistics - INFO - Logging initialized. Log file: Z:\Paper5-Graph\Gams Model v013 - For Github Version\output\logs\optimization_20260108_005547.log
2026-01-08 00:55:47,550 - HumanitarianLogistics - INFO - Starting optimization system
2026-01-08 00:55:47,551 - HumanitarianLogistics - INFO - Loading configuration...
2026-01-08 00:55:47,566 - HumanitarianLogistics - INFO -   Configuration loaded from model_config.yaml
2026-01-08 00:55:47,568 - HumanitarianLogistics - INFO - 
================================================================================
2026-01-08 00:55:47,569 - HumanitarianLogistics - INFO - PHASE 1: DATA LOADING
2026-01-08 00:55:47,569 - HumanitarianLogistics - INFO - ================================================================================
2026-01-08 00:55:47,570 - DataManager - INFO - Loading all input data...
2026-01-08 00:55:47,571 - DataManager - INFO -   Loading demand from demand(i,k,r,t).csv...
2026-01-08 00:55:47,588 - DataManager - INFO -   Sets: 13 locations, 32 periods, 3 products, 2 services
2026-01-08 00:55:47,591 - HumanitarianLogistics - INFO - 
================================================================================
2026-01-08 00:55:47,592 - HumanitarianLogistics - INFO - PHASE 2: MODEL BUILDING
2026-01-08 00:55:47,593 - HumanitarianLogistics - INFO - ================================================================================
2026-01-08 00:55:47,865 - HumanitarianLogisticsModel - INFO - ================================================================================
2026-01-08 00:55:47,867 - HumanitarianLogisticsModel - INFO - BUILDING HUMANITARIAN LOGISTICS OPTIMIZATION MODEL
2026-01-08 00:55:47,868 - HumanitarianLogisticsModel - INFO - ================================================================================
2026-01-08 00:55:47,869 - SetBuilder - INFO - Building sets...
2026-01-08 00:55:48,114 - SetBuilder - INFO -   Created 9 sets
2026-01-08 00:55:48,115 - HumanitarianLogisticsModel - INFO - 
Building parameters...
2026-01-08 00:55:48,131 - DataManager - INFO -   Loaded network data: 156 arcs, 156 distances
2026-01-08 00:55:48,203 - ParameterManager - INFO -   Creating demand parameter...
2026-01-08 00:55:48,324 - ParameterManager - INFO -     5334 demand records created
2026-01-08 00:55:48,327 - ParameterManager - INFO -   Creating cost parameters...
2026-01-08 00:55:48,874 - ParameterManager - INFO -     Loaded 45 penalty values
2026-01-08 00:55:48,968 - DataManager - INFO -   Loaded initial inventory: 39 records
2026-01-08 00:55:48,992 - DataManager - INFO -   Loaded procurement allowance: 13 records
2026-01-08 00:55:49,269 - ParameterManager - INFO -     Loaded 39 initial inventory records
2026-01-08 00:55:49,319 - HumanitarianLogisticsModel - INFO -   Created 18 parameter groups
2026-01-08 00:55:49,321 - VariableBuilder - INFO - Building variables...
2026-01-08 00:55:49,889 - VariableBuilder - INFO -   Created 13 variables
2026-01-08 00:55:49,891 - HumanitarianLogisticsModel - INFO - 
Building objectives...
2026-01-08 00:55:49,892 - ObjectiveBuilder - INFO -   Building fairness objective...
2026-01-08 00:55:49,941 - ObjectiveBuilder - INFO -   Building cost objective...
2026-01-08 00:55:50,067 - ConstraintBuilder - INFO - Building constraints...
2026-01-08 00:55:50,110 - ConstraintBuilder - INFO -   Building initial conditions...
2026-01-08 00:55:50,534 - ConstraintBuilder - INFO -   Building flow balance constraints...
2026-01-08 00:55:50,652 - ConstraintBuilder - INFO -   Building capacity constraints...
2026-01-08 00:55:50,798 - ConstraintBuilder - INFO -   Building backlog constraints...
2026-01-08 00:55:51,570 - ConstraintBuilder - INFO -   Building fairness constraints...
2026-01-08 00:55:51,686 - ConstraintBuilder - INFO -   Building policy constraints...
2026-01-08 00:55:51,792 - ConstraintBuilder - INFO -   Created 34 equation groups
2026-01-08 00:55:51,795 - HumanitarianLogisticsModel - INFO - 
================================================================================
2026-01-08 00:55:51,796 - HumanitarianLogisticsModel - INFO - MODEL BUILD COMPLETE
2026-01-08 00:55:51,798 - HumanitarianLogisticsModel - INFO - ================================================================================
2026-01-08 00:55:51,799 - HumanitarianLogistics - INFO - 
================================================================================
2026-01-08 00:55:51,800 - HumanitarianLogistics - INFO - PHASE 3: OPTIMIZATION
2026-01-08 00:55:51,801 - HumanitarianLogistics - INFO - ================================================================================
2026-01-08 00:55:51,817 - TwoStageSolver - INFO - ================================================================================
2026-01-08 00:55:51,818 - TwoStageSolver - INFO - STAGE 1: FAIRNESS MAXIMIZATION
2026-01-08 00:55:51,820 - TwoStageSolver - INFO - ================================================================================
2026-01-08 00:55:51,821 - TwoStageSolver - INFO -   Solver: CPLEX
2026-01-08 00:55:51,822 - TwoStageSolver - INFO -   Problem: MIP
2026-01-08 00:55:51,823 - TwoStageSolver - INFO -   Objective: Maximize Sum(theta[t])
2026-01-08 00:55:58,154 - TwoStageSolver - INFO - 
================================================================================
2026-01-08 00:55:58,156 - TwoStageSolver - INFO - STAGE 1 COMPLETE
2026-01-08 00:55:58,158 - TwoStageSolver - INFO -   ThetaStar: 29.008168
2026-01-08 00:55:58,159 - TwoStageSolver - INFO -   Status: ModelStatus.OptimalGlobal
2026-01-08 00:55:58,159 - TwoStageSolver - INFO - ================================================================================
2026-01-08 00:55:58,272 - TwoStageSolver - INFO - 
================================================================================
2026-01-08 00:55:58,274 - TwoStageSolver - INFO - STAGE 2: COST MINIMIZATION
2026-01-08 00:55:58,275 - TwoStageSolver - INFO - ================================================================================
2026-01-08 00:55:58,276 - TwoStageSolver - INFO -   Solver: CPLEX
2026-01-08 00:55:58,277 - TwoStageSolver - INFO -   Problem: MIP
2026-01-08 00:55:58,278 - TwoStageSolver - INFO -   Objective: Minimize Total Cost
2026-01-08 00:55:58,279 - TwoStageSolver - INFO -   Fairness preserved: >= 29.008168
2026-01-08 00:56:14,310 - TwoStageSolver - INFO - 
================================================================================
2026-01-08 00:56:14,311 - TwoStageSolver - INFO - STAGE 2 COMPLETE
2026-01-08 00:56:14,312 - TwoStageSolver - INFO -   Total Cost: $1,013,836,434.00
2026-01-08 00:56:14,313 - TwoStageSolver - INFO -   Status: ModelStatus.Integer
2026-01-08 00:56:14,314 - TwoStageSolver - INFO - ================================================================================
2026-01-08 00:56:14,315 - HumanitarianLogistics - INFO - 
================================================================================
2026-01-08 00:56:14,316 - HumanitarianLogistics - INFO - PHASE 4: SOLUTION EXTRACTION
2026-01-08 00:56:14,317 - HumanitarianLogistics - INFO - ================================================================================
2026-01-08 00:56:14,319 - TwoStageSolver - INFO - 
================================================================================
2026-01-08 00:56:14,320 - TwoStageSolver - INFO - EXTRACTING SOLUTION DATA
2026-01-08 00:56:14,321 - TwoStageSolver - INFO - ================================================================================
2026-01-08 00:56:14,323 - TwoStageSolver - INFO - 
Loading variable records...
2026-01-08 00:56:14,324 - SolutionExtractor - INFO - Extracting solution data...
2026-01-08 00:56:14,326 - SolutionExtractor - INFO -   + x: 16224 records
2026-01-08 00:56:14,327 - SolutionExtractor - INFO -   + y: 1248 records
2026-01-08 00:56:14,328 - SolutionExtractor - INFO -   + Inv: 1248 records
2026-01-08 00:56:14,330 - SolutionExtractor - INFO -   + reloc: 10010 records
2026-01-08 00:56:14,331 - SolutionExtractor - INFO -   + staff: 832 records
2026-01-08 00:56:14,332 - SolutionExtractor - INFO -   + product_fulfilled: 11232 records
2026-01-08 00:56:14,334 - SolutionExtractor - INFO -   + service_delivered: 7488 records
2026-01-08 00:56:14,334 - SolutionExtractor - INFO -   + backlog_prod: 11232 records
2026-01-08 00:56:14,336 - SolutionExtractor - INFO -   + backlog_serv: 7488 records
2026-01-08 00:56:14,337 - SolutionExtractor - INFO -   + Exp: 6240 records
2026-01-08 00:56:14,339 - SolutionExtractor - INFO -   + theta: 32 records
2026-01-08 00:56:14,341 - SolutionExtractor - INFO - Computing objective breakdown...
2026-01-08 00:56:14,477 - HumanitarianLogistics - INFO - 
================================================================================
2026-01-08 00:56:14,479 - HumanitarianLogistics - INFO - PHASE 5: OUTPUT GENERATION
2026-01-08 00:56:14,480 - HumanitarianLogistics - INFO - ================================================================================
2026-01-08 00:56:14,515 - OutputManager - INFO - ================================================================================
2026-01-08 00:56:14,517 - OutputManager - INFO - GENERATING OUTPUTS
2026-01-08 00:56:14,518 - OutputManager - INFO - ================================================================================
2026-01-08 00:56:14,520 - CSVWriter - INFO - Saving CSV files...
2026-01-08 00:56:14,772 - CSVWriter - INFO -   + x_Shipment.csv (16224 records)
2026-01-08 00:56:14,807 - CSVWriter - INFO -   + y_Procurement.csv (1248 records)
2026-01-08 00:56:14,841 - CSVWriter - INFO -   + Inv_Inventory.csv (1248 records)
2026-01-08 00:56:14,988 - CSVWriter - INFO -   + reloc_StaffRelocation.csv (10010 records)
2026-01-08 00:56:15,015 - CSVWriter - INFO -   + staff_Deployment.csv (832 records)
2026-01-08 00:56:15,177 - CSVWriter - INFO -   + product_fulfilled.csv (11232 records)
2026-01-08 00:56:15,253 - CSVWriter - INFO -   + service_delivered.csv (7488 records)
2026-01-08 00:56:15,371 - CSVWriter - INFO -   + backlog_prod.csv (11232 records)
2026-01-08 00:56:15,450 - CSVWriter - INFO -   + backlog_serv.csv (7488 records)
2026-01-08 00:56:15,514 - CSVWriter - INFO -   + Exp_ExpiredDemand.csv (6240 records)
2026-01-08 00:56:15,532 - CSVWriter - INFO -   + theta_Fairness.csv (32 records)
2026-01-08 00:56:15,532 - CSVWriter - INFO -   Saved 11 CSV files to Z:\Paper5-Graph\Gams Model v013 - For Github Version\output\csvs
2026-01-08 00:56:15,533 - ExcelWriter - INFO - Saving Excel report to optimization_results.xlsx...
2026-01-08 00:56:41,056 - ExcelWriter - INFO -   Excel report saved successfully
2026-01-08 00:56:41,058 - OutputManager - INFO - 
Generating text reports...
2026-01-08 00:56:41,067 - OutputManager - INFO -   + summary_report.txt
2026-01-08 00:56:41,086 - OutputManager - INFO -   + expired_demand_report.txt
2026-01-08 00:56:41,093 - OutputManager - INFO - 
Generating visualization data...
2026-01-08 00:56:41,098 - VisualizationPrep - INFO - Preparing visualization data...
2026-01-08 00:56:41,136 - VisualizationPrep - INFO -     Loaded x_Shipment.csv
2026-01-08 00:56:41,150 - VisualizationPrep - INFO -     Loaded Inv_Inventory.csv
2026-01-08 00:56:41,164 - VisualizationPrep - INFO -     Loaded staff_Deployment.csv
2026-01-08 00:56:41,208 - VisualizationPrep - INFO -     Loaded product_fulfilled.csv
2026-01-08 00:56:41,246 - VisualizationPrep - INFO -     Loaded service_delivered.csv
2026-01-08 00:56:41,287 - VisualizationPrep - INFO -     Loaded backlog_prod.csv
2026-01-08 00:56:41,319 - VisualizationPrep - INFO -     Loaded backlog_serv.csv
2026-01-08 00:56:41,351 - VisualizationPrep - INFO -     Loaded Exp_ExpiredDemand.csv
2026-01-08 00:56:41,388 - VisualizationPrep - INFO -     Loaded reloc_StaffRelocation.csv
2026-01-08 00:56:46,738 - VisualizationPrep - INFO -     Saved viz_data.js (991 flows, 13 locations)
2026-01-08 00:56:46,740 - VisualizationPrep - INFO -   Visualization data saved to Z:\Paper5-Graph\Gams Model v013 - For Github Version\output\visualizations
2026-01-08 00:56:46,746 - OutputManager - INFO - 
================================================================================
2026-01-08 00:56:46,747 - OutputManager - INFO - ALL OUTPUTS SAVED SUCCESSFULLY
2026-01-08 00:56:46,749 - OutputManager - INFO - Output directory: Z:\Paper5-Graph\Gams Model v013 - For Github Version\output
2026-01-08 00:56:46,750 - OutputManager - INFO - ================================================================================
2026-01-08 00:56:46,752 - HumanitarianLogistics - INFO - 
================================================================================
2026-01-08 00:56:46,753 - HumanitarianLogistics - INFO - OPTIMIZATION COMPLETED SUCCESSFULLY
2026-01-08 00:56:46,754 - HumanitarianLogistics - INFO - ================================================================================
2026-01-08 00:56:46,756 - HumanitarianLogistics - INFO - Total Cost: $1,013,836,434.00
2026-01-08 00:56:46,757 - HumanitarianLogistics - INFO - Fairness (ThetaStar): 29.008168
2026-01-08 00:56:46,758 - HumanitarianLogistics - INFO - Outputs saved to: Z:\Paper5-Graph\Gams Model v013 - For Github Version\output
2026-01-08 00:56:46,759 - HumanitarianLogistics - INFO - ================================================================================
