2025-12-19 08:44:07,197 - HumanitarianLogistics - INFO - Logging initialized. Log file: Z:\Paper5-Graph\Gams Model v012 - Object orenting model\output\logs\optimization_20251219_084407.log
2025-12-19 08:44:07,198 - HumanitarianLogistics - INFO - Starting optimization system
2025-12-19 08:44:07,199 - HumanitarianLogistics - INFO - Loading configuration...
2025-12-19 08:44:07,213 - HumanitarianLogistics - INFO -   Configuration loaded from model_config.yaml
2025-12-19 08:44:07,214 - HumanitarianLogistics - INFO - 
================================================================================
2025-12-19 08:44:07,215 - HumanitarianLogistics - INFO - PHASE 1: DATA LOADING
2025-12-19 08:44:07,215 - HumanitarianLogistics - INFO - ================================================================================
2025-12-19 08:44:07,216 - DataManager - INFO - Loading all input data...
2025-12-19 08:44:07,216 - DataManager - INFO -   Loading demand from demand(i,k,r,t).csv...
2025-12-19 08:44:07,225 - DataManager - INFO -   Sets: 13 locations, 32 periods, 3 products, 2 services
2025-12-19 08:44:07,226 - HumanitarianLogistics - INFO - 
================================================================================
2025-12-19 08:44:07,227 - HumanitarianLogistics - INFO - PHASE 2: MODEL BUILDING
2025-12-19 08:44:07,227 - HumanitarianLogistics - INFO - ================================================================================
2025-12-19 08:44:07,330 - HumanitarianLogisticsModel - INFO - ================================================================================
2025-12-19 08:44:07,331 - HumanitarianLogisticsModel - INFO - BUILDING HUMANITARIAN LOGISTICS OPTIMIZATION MODEL
2025-12-19 08:44:07,332 - HumanitarianLogisticsModel - INFO - ================================================================================
2025-12-19 08:44:07,332 - SetBuilder - INFO - Building sets...
2025-12-19 08:44:07,437 - SetBuilder - INFO -   Created 9 sets
2025-12-19 08:44:07,439 - HumanitarianLogisticsModel - INFO - 
Building parameters...
2025-12-19 08:44:07,448 - DataManager - INFO -   Loaded network data: 156 arcs, 156 distances
2025-12-19 08:44:07,481 - ParameterManager - INFO -   Creating demand parameter...
2025-12-19 08:44:07,547 - ParameterManager - INFO -     5334 demand records created
2025-12-19 08:44:07,548 - ParameterManager - INFO -   Creating cost parameters...
2025-12-19 08:44:07,688 - ParameterManager - INFO -     Loaded 45 penalty values
2025-12-19 08:44:07,710 - DataManager - INFO -   Loaded initial inventory: 39 records
2025-12-19 08:44:07,713 - DataManager - INFO -   Loaded procurement allowance: 13 records
2025-12-19 08:44:07,790 - ParameterManager - INFO -     Loaded 39 initial inventory records
2025-12-19 08:44:07,808 - HumanitarianLogisticsModel - INFO -   Created 18 parameter groups
2025-12-19 08:44:07,809 - VariableBuilder - INFO - Building variables...
2025-12-19 08:44:07,992 - VariableBuilder - INFO -   Created 13 variables
2025-12-19 08:44:07,993 - HumanitarianLogisticsModel - INFO - 
Building objectives...
2025-12-19 08:44:07,993 - ObjectiveBuilder - INFO -   Building fairness objective...
2025-12-19 08:44:08,007 - ObjectiveBuilder - INFO -   Building cost objective...
2025-12-19 08:44:08,023 - ConstraintBuilder - INFO - Building constraints...
2025-12-19 08:44:08,037 - ConstraintBuilder - INFO -   Building initial conditions...
2025-12-19 08:44:08,198 - ConstraintBuilder - INFO -   Building flow balance constraints...
2025-12-19 08:44:08,246 - ConstraintBuilder - INFO -   Building capacity constraints...
2025-12-19 08:44:08,304 - ConstraintBuilder - INFO -   Building backlog constraints...
2025-12-19 08:44:08,503 - ConstraintBuilder - INFO -   Building fairness constraints...
2025-12-19 08:44:08,530 - ConstraintBuilder - INFO -   Building policy constraints...
2025-12-19 08:44:08,558 - ConstraintBuilder - INFO -   Created 34 equation groups
2025-12-19 08:44:08,558 - HumanitarianLogisticsModel - INFO - 
================================================================================
2025-12-19 08:44:08,559 - HumanitarianLogisticsModel - INFO - MODEL BUILD COMPLETE
2025-12-19 08:44:08,559 - HumanitarianLogisticsModel - INFO - ================================================================================
2025-12-19 08:44:08,560 - HumanitarianLogistics - INFO - 
================================================================================
2025-12-19 08:44:08,560 - HumanitarianLogistics - INFO - PHASE 3: OPTIMIZATION
2025-12-19 08:44:08,561 - HumanitarianLogistics - INFO - ================================================================================
2025-12-19 08:44:08,567 - TwoStageSolver - INFO - ================================================================================
2025-12-19 08:44:08,568 - TwoStageSolver - INFO - STAGE 1: FAIRNESS MAXIMIZATION
2025-12-19 08:44:08,568 - TwoStageSolver - INFO - ================================================================================
2025-12-19 08:44:08,569 - TwoStageSolver - INFO -   Solver: CPLEX
2025-12-19 08:44:08,569 - TwoStageSolver - INFO -   Problem: MIP
2025-12-19 08:44:08,570 - TwoStageSolver - INFO -   Objective: Maximize Sum(theta[t])
2025-12-19 08:44:11,494 - TwoStageSolver - INFO - 
================================================================================
2025-12-19 08:44:11,496 - TwoStageSolver - INFO - STAGE 1 COMPLETE
2025-12-19 08:44:11,496 - TwoStageSolver - INFO -   ThetaStar: 29.008168
2025-12-19 08:44:11,496 - TwoStageSolver - INFO -   Status: ModelStatus.OptimalGlobal
2025-12-19 08:44:11,497 - TwoStageSolver - INFO - ================================================================================
2025-12-19 08:44:11,532 - TwoStageSolver - INFO - 
================================================================================
2025-12-19 08:44:11,533 - TwoStageSolver - INFO - STAGE 2: COST MINIMIZATION
2025-12-19 08:44:11,533 - TwoStageSolver - INFO - ================================================================================
2025-12-19 08:44:11,534 - TwoStageSolver - INFO -   Solver: CPLEX
2025-12-19 08:44:11,534 - TwoStageSolver - INFO -   Problem: MIP
2025-12-19 08:44:11,534 - TwoStageSolver - INFO -   Objective: Minimize Total Cost
2025-12-19 08:44:11,535 - TwoStageSolver - INFO -   Fairness preserved: >= 29.008168
2025-12-19 08:44:18,870 - TwoStageSolver - INFO - 
================================================================================
2025-12-19 08:44:18,871 - TwoStageSolver - INFO - STAGE 2 COMPLETE
2025-12-19 08:44:18,872 - TwoStageSolver - INFO -   Total Cost: $1,014,454,606.25
2025-12-19 08:44:18,872 - TwoStageSolver - INFO -   Status: ModelStatus.Integer
2025-12-19 08:44:18,873 - TwoStageSolver - INFO - ================================================================================
2025-12-19 08:44:18,874 - HumanitarianLogistics - INFO - 
================================================================================
2025-12-19 08:44:18,874 - HumanitarianLogistics - INFO - PHASE 4: SOLUTION EXTRACTION
2025-12-19 08:44:18,874 - HumanitarianLogistics - INFO - ================================================================================
2025-12-19 08:44:18,875 - TwoStageSolver - INFO - 
================================================================================
2025-12-19 08:44:18,876 - TwoStageSolver - INFO - EXTRACTING SOLUTION DATA
2025-12-19 08:44:18,876 - TwoStageSolver - INFO - ================================================================================
2025-12-19 08:44:18,876 - TwoStageSolver - INFO - 
Loading variable records...
2025-12-19 08:44:18,877 - SolutionExtractor - INFO - Extracting solution data...
2025-12-19 08:44:18,878 - SolutionExtractor - INFO -   + x: 16224 records
2025-12-19 08:44:18,878 - SolutionExtractor - INFO -   + y: 1248 records
2025-12-19 08:44:18,878 - SolutionExtractor - INFO -   + Inv: 1248 records
2025-12-19 08:44:18,879 - SolutionExtractor - INFO -   + reloc: 10010 records
2025-12-19 08:44:18,879 - SolutionExtractor - INFO -   + staff: 832 records
2025-12-19 08:44:18,880 - SolutionExtractor - INFO -   + product_fulfilled: 11232 records
2025-12-19 08:44:18,880 - SolutionExtractor - INFO -   + service_delivered: 7488 records
2025-12-19 08:44:18,881 - SolutionExtractor - INFO -   + backlog_prod: 11232 records
2025-12-19 08:44:18,881 - SolutionExtractor - INFO -   + backlog_serv: 7488 records
2025-12-19 08:44:18,881 - SolutionExtractor - INFO -   + Exp: 6240 records
2025-12-19 08:44:18,882 - SolutionExtractor - INFO -   + theta: 32 records
2025-12-19 08:44:18,883 - SolutionExtractor - INFO - Computing objective breakdown...
2025-12-19 08:44:18,934 - HumanitarianLogistics - INFO - 
================================================================================
2025-12-19 08:44:18,934 - HumanitarianLogistics - INFO - PHASE 5: OUTPUT GENERATION
2025-12-19 08:44:18,934 - HumanitarianLogistics - INFO - ================================================================================
2025-12-19 08:44:18,964 - OutputManager - INFO - ================================================================================
2025-12-19 08:44:18,965 - OutputManager - INFO - GENERATING OUTPUTS
2025-12-19 08:44:18,965 - OutputManager - INFO - ================================================================================
2025-12-19 08:44:18,966 - CSVWriter - INFO - Saving CSV files...
2025-12-19 08:44:19,071 - CSVWriter - INFO -   + x_Shipment.csv (16224 records)
2025-12-19 08:44:19,087 - CSVWriter - INFO -   + y_Procurement.csv (1248 records)
2025-12-19 08:44:19,103 - CSVWriter - INFO -   + Inv_Inventory.csv (1248 records)
2025-12-19 08:44:19,166 - CSVWriter - INFO -   + reloc_StaffRelocation.csv (10010 records)
2025-12-19 08:44:19,180 - CSVWriter - INFO -   + staff_Deployment.csv (832 records)
2025-12-19 08:44:19,251 - CSVWriter - INFO -   + product_fulfilled.csv (11232 records)
2025-12-19 08:44:19,298 - CSVWriter - INFO -   + service_delivered.csv (7488 records)
2025-12-19 08:44:19,369 - CSVWriter - INFO -   + backlog_prod.csv (11232 records)
2025-12-19 08:44:19,418 - CSVWriter - INFO -   + backlog_serv.csv (7488 records)
2025-12-19 08:44:19,459 - CSVWriter - INFO -   + Exp_ExpiredDemand.csv (6240 records)
2025-12-19 08:44:19,468 - CSVWriter - INFO -   + theta_Fairness.csv (32 records)
2025-12-19 08:44:19,468 - CSVWriter - INFO -   Saved 11 CSV files to Z:\Paper5-Graph\Gams Model v012 - Object orenting model\output\csvs
2025-12-19 08:44:19,468 - ExcelWriter - INFO - Saving Excel report to optimization_results.xlsx...
2025-12-19 08:44:31,427 - ExcelWriter - INFO -   Excel report saved successfully
2025-12-19 08:44:31,428 - OutputManager - INFO - 
Generating text reports...
2025-12-19 08:44:31,436 - OutputManager - INFO -   + summary_report.txt
2025-12-19 08:44:31,447 - OutputManager - INFO -   + expired_demand_report.txt
2025-12-19 08:44:31,448 - OutputManager - INFO - 
Generating visualization data...
2025-12-19 08:44:31,453 - VisualizationPrep - INFO - Preparing visualization data...
2025-12-19 08:44:31,470 - VisualizationPrep - INFO -     Loaded x_Shipment.csv
2025-12-19 08:44:31,475 - VisualizationPrep - INFO -     Loaded Inv_Inventory.csv
2025-12-19 08:44:31,478 - VisualizationPrep - INFO -     Loaded staff_Deployment.csv
2025-12-19 08:44:31,491 - VisualizationPrep - INFO -     Loaded product_fulfilled.csv
2025-12-19 08:44:31,501 - VisualizationPrep - INFO -     Loaded service_delivered.csv
2025-12-19 08:44:31,515 - VisualizationPrep - INFO -     Loaded backlog_prod.csv
2025-12-19 08:44:31,526 - VisualizationPrep - INFO -     Loaded backlog_serv.csv
2025-12-19 08:44:31,530 - VisualizationPrep - INFO -     Loaded y_Procurement.csv
2025-12-19 08:44:31,542 - VisualizationPrep - INFO -     Loaded reloc_StaffRelocation.csv
2025-12-19 08:44:33,439 - OutputManager - WARNING -   Visualization prep failed: keys must be str, int, float, bool or None, not int64
2025-12-19 08:44:33,441 - OutputManager - INFO - 
================================================================================
2025-12-19 08:44:33,442 - OutputManager - INFO - ALL OUTPUTS SAVED SUCCESSFULLY
2025-12-19 08:44:33,442 - OutputManager - INFO - Output directory: Z:\Paper5-Graph\Gams Model v012 - Object orenting model\output
2025-12-19 08:44:33,443 - OutputManager - INFO - ================================================================================
2025-12-19 08:44:33,443 - HumanitarianLogistics - INFO - 
================================================================================
2025-12-19 08:44:33,444 - HumanitarianLogistics - INFO - OPTIMIZATION COMPLETED SUCCESSFULLY
2025-12-19 08:44:33,444 - HumanitarianLogistics - INFO - ================================================================================
2025-12-19 08:44:33,445 - HumanitarianLogistics - INFO - Total Cost: $1,014,454,606.25
2025-12-19 08:44:33,445 - HumanitarianLogistics - INFO - Fairness (ThetaStar): 29.008168
2025-12-19 08:44:33,445 - HumanitarianLogistics - INFO - Outputs saved to: Z:\Paper5-Graph\Gams Model v012 - Object orenting model\output
2025-12-19 08:44:33,446 - HumanitarianLogistics - INFO - ================================================================================
