2026-01-29 18:38:06,542 - HumanitarianLogistics - INFO - Logging initialized. Log file: Z:\Paper 5-Graph\Gams Model v013 - - Copy\output\logs\optimization_20260129_183806.log
2026-01-29 18:38:06,543 - HumanitarianLogistics - INFO - Starting optimization system
2026-01-29 18:38:06,543 - HumanitarianLogistics - INFO - Loading configuration...
2026-01-29 18:38:06,556 - HumanitarianLogistics - INFO -   Configuration loaded from model_config.yaml
2026-01-29 18:38:06,557 - HumanitarianLogistics - INFO - 
================================================================================
2026-01-29 18:38:06,557 - HumanitarianLogistics - INFO - PHASE 1: DATA LOADING
2026-01-29 18:38:06,558 - HumanitarianLogistics - INFO - ================================================================================
2026-01-29 18:38:06,558 - DataManager - INFO - Loading all input data...
2026-01-29 18:38:06,559 - DataManager - INFO -   Loading demand from demand(i,k,r,t).csv...
2026-01-29 18:38:06,565 - DataManager - INFO -   Sets: 13 locations, 32 periods, 3 products, 2 services
2026-01-29 18:38:06,566 - HumanitarianLogistics - INFO - 
================================================================================
2026-01-29 18:38:06,567 - HumanitarianLogistics - INFO - PHASE 2: MODEL BUILDING
2026-01-29 18:38:06,567 - HumanitarianLogistics - INFO - ================================================================================
2026-01-29 18:38:06,685 - HumanitarianLogisticsModel - INFO - ================================================================================
2026-01-29 18:38:06,686 - HumanitarianLogisticsModel - INFO - BUILDING HUMANITARIAN LOGISTICS OPTIMIZATION MODEL
2026-01-29 18:38:06,687 - HumanitarianLogisticsModel - INFO - ================================================================================
2026-01-29 18:38:06,687 - SetBuilder - INFO - Building sets...
2026-01-29 18:38:06,804 - SetBuilder - INFO -   Created 9 sets
2026-01-29 18:38:06,805 - HumanitarianLogisticsModel - INFO - 
Building parameters...
2026-01-29 18:38:06,815 - DataManager - INFO -   Loaded network data: 156 arcs, 156 distances
2026-01-29 18:38:06,850 - ParameterManager - INFO -   Creating demand parameter...
2026-01-29 18:38:06,919 - ParameterManager - INFO -     5334 demand records created
2026-01-29 18:38:06,920 - ParameterManager - INFO -   Creating cost parameters...
2026-01-29 18:38:07,082 - ParameterManager - INFO -     Loaded 45 penalty values
2026-01-29 18:38:07,105 - DataManager - INFO -   Loaded initial inventory: 39 records
2026-01-29 18:38:07,109 - DataManager - INFO -   Loaded procurement allowance: 13 records
2026-01-29 18:38:07,197 - ParameterManager - INFO -     Loaded 39 initial inventory records
2026-01-29 18:38:07,218 - HumanitarianLogisticsModel - INFO -   Created 18 parameter groups
2026-01-29 18:38:07,219 - VariableBuilder - INFO - Building variables...
2026-01-29 18:38:07,438 - VariableBuilder - INFO -   Created 15 variables
2026-01-29 18:38:07,439 - HumanitarianLogisticsModel - INFO - 
Building objectives...
2026-01-29 18:38:07,440 - ObjectiveBuilder - INFO -   Building fairness objective...
2026-01-29 18:38:07,456 - ObjectiveBuilder - INFO -   Building cost objective...
2026-01-29 18:38:07,473 - ConstraintBuilder - INFO - Building constraints...
2026-01-29 18:38:07,491 - ConstraintBuilder - INFO -   Building initial conditions...
2026-01-29 18:38:07,669 - ConstraintBuilder - INFO -   Building flow balance constraints...
2026-01-29 18:38:07,720 - ConstraintBuilder - INFO -   Building capacity constraints...
2026-01-29 18:38:07,793 - ConstraintBuilder - INFO -   Building backlog constraints...
2026-01-29 18:38:08,025 - ConstraintBuilder - INFO -   Building fairness constraints with linearization...
2026-01-29 18:38:08,266 - ConstraintBuilder - INFO -   Building policy constraints...
2026-01-29 18:38:08,300 - ConstraintBuilder - INFO -   Created 46 equation groups
2026-01-29 18:38:08,301 - HumanitarianLogisticsModel - INFO - 
================================================================================
2026-01-29 18:38:08,302 - HumanitarianLogisticsModel - INFO - MODEL BUILD COMPLETE
2026-01-29 18:38:08,303 - HumanitarianLogisticsModel - INFO - ================================================================================
2026-01-29 18:38:08,303 - HumanitarianLogistics - INFO - 
================================================================================
2026-01-29 18:38:08,304 - HumanitarianLogistics - INFO - PHASE 3: OPTIMIZATION
2026-01-29 18:38:08,304 - HumanitarianLogistics - INFO - ================================================================================
2026-01-29 18:38:08,311 - TwoStageSolver - INFO - ================================================================================
2026-01-29 18:38:08,312 - TwoStageSolver - INFO - STAGE 1: FAIRNESS MAXIMIZATION
2026-01-29 18:38:08,312 - TwoStageSolver - INFO - ================================================================================
2026-01-29 18:38:08,313 - TwoStageSolver - INFO -   Solver: CPLEX
2026-01-29 18:38:08,313 - TwoStageSolver - INFO -   Problem: MIP
2026-01-29 18:38:08,314 - TwoStageSolver - INFO -   Objective: Maximize Sum(theta[t])
