2025-12-19 09:44:58,195 - HumanitarianLogistics - INFO - Logging initialized. Log file: Z:\Paper5-Graph\Gams Model v012 - Object orenting model\output\logs\optimization_20251219_094458.log
2025-12-19 09:44:58,196 - HumanitarianLogistics - INFO - Starting optimization system
2025-12-19 09:44:58,197 - HumanitarianLogistics - INFO - Loading configuration...
2025-12-19 09:44:58,210 - HumanitarianLogistics - INFO -   Configuration loaded from model_config.yaml
2025-12-19 09:44:58,211 - HumanitarianLogistics - INFO - 
================================================================================
2025-12-19 09:44:58,212 - HumanitarianLogistics - INFO - PHASE 1: DATA LOADING
2025-12-19 09:44:58,212 - HumanitarianLogistics - INFO - ================================================================================
2025-12-19 09:44:58,213 - DataManager - INFO - Loading all input data...
2025-12-19 09:44:58,214 - DataManager - INFO -   Loading demand from demand(i,k,r,t).csv...
2025-12-19 09:44:58,220 - DataManager - INFO -   Sets: 13 locations, 32 periods, 3 products, 2 services
2025-12-19 09:44:58,220 - HumanitarianLogistics - INFO - 
================================================================================
2025-12-19 09:44:58,221 - HumanitarianLogistics - INFO - PHASE 2: MODEL BUILDING
2025-12-19 09:44:58,221 - HumanitarianLogistics - INFO - ================================================================================
2025-12-19 09:44:58,317 - HumanitarianLogisticsModel - INFO - ================================================================================
2025-12-19 09:44:58,318 - HumanitarianLogisticsModel - INFO - BUILDING HUMANITARIAN LOGISTICS OPTIMIZATION MODEL
2025-12-19 09:44:58,319 - HumanitarianLogisticsModel - INFO - ================================================================================
2025-12-19 09:44:58,320 - SetBuilder - INFO - Building sets...
2025-12-19 09:44:58,420 - SetBuilder - INFO -   Created 9 sets
2025-12-19 09:44:58,421 - HumanitarianLogisticsModel - INFO - 
Building parameters...
2025-12-19 09:44:58,431 - DataManager - INFO -   Loaded network data: 156 arcs, 156 distances
2025-12-19 09:44:58,462 - ParameterManager - INFO -   Creating demand parameter...
2025-12-19 09:44:58,524 - ParameterManager - INFO -     5334 demand records created
2025-12-19 09:44:58,524 - ParameterManager - INFO -   Creating cost parameters...
2025-12-19 09:44:58,663 - ParameterManager - INFO -     Loaded 45 penalty values
2025-12-19 09:44:58,684 - DataManager - INFO -   Loaded initial inventory: 39 records
2025-12-19 09:44:58,689 - DataManager - INFO -   Loaded procurement allowance: 13 records
2025-12-19 09:44:58,765 - ParameterManager - INFO -     Loaded 39 initial inventory records
2025-12-19 09:44:58,782 - HumanitarianLogisticsModel - INFO -   Created 18 parameter groups
2025-12-19 09:44:58,783 - VariableBuilder - INFO - Building variables...
2025-12-19 09:44:58,954 - VariableBuilder - INFO -   Created 13 variables
2025-12-19 09:44:58,954 - HumanitarianLogisticsModel - INFO - 
Building objectives...
2025-12-19 09:44:58,955 - ObjectiveBuilder - INFO -   Building fairness objective...
2025-12-19 09:44:58,968 - ObjectiveBuilder - INFO -   Building cost objective...
2025-12-19 09:44:58,981 - ConstraintBuilder - INFO - Building constraints...
2025-12-19 09:44:58,995 - ConstraintBuilder - INFO -   Building initial conditions...
2025-12-19 09:44:59,144 - ConstraintBuilder - INFO -   Building flow balance constraints...
2025-12-19 09:44:59,185 - ConstraintBuilder - INFO -   Building capacity constraints...
2025-12-19 09:44:59,239 - ConstraintBuilder - INFO -   Building backlog constraints...
2025-12-19 09:44:59,434 - ConstraintBuilder - INFO -   Building fairness constraints...
2025-12-19 09:44:59,461 - ConstraintBuilder - INFO -   Building policy constraints...
2025-12-19 09:44:59,488 - ConstraintBuilder - INFO -   Created 34 equation groups
2025-12-19 09:44:59,489 - HumanitarianLogisticsModel - INFO - 
================================================================================
2025-12-19 09:44:59,490 - HumanitarianLogisticsModel - INFO - MODEL BUILD COMPLETE
2025-12-19 09:44:59,490 - HumanitarianLogisticsModel - INFO - ================================================================================
2025-12-19 09:44:59,491 - HumanitarianLogistics - INFO - 
================================================================================
2025-12-19 09:44:59,492 - HumanitarianLogistics - INFO - PHASE 3: OPTIMIZATION
2025-12-19 09:44:59,492 - HumanitarianLogistics - INFO - ================================================================================
2025-12-19 09:44:59,497 - TwoStageSolver - INFO - ================================================================================
2025-12-19 09:44:59,498 - TwoStageSolver - INFO - STAGE 1: FAIRNESS MAXIMIZATION
2025-12-19 09:44:59,498 - TwoStageSolver - INFO - ================================================================================
2025-12-19 09:44:59,499 - TwoStageSolver - INFO -   Solver: CPLEX
2025-12-19 09:44:59,500 - TwoStageSolver - INFO -   Problem: MIP
2025-12-19 09:44:59,500 - TwoStageSolver - INFO -   Objective: Maximize Sum(theta[t])
2025-12-19 09:45:02,294 - TwoStageSolver - INFO - 
================================================================================
2025-12-19 09:45:02,295 - TwoStageSolver - INFO - STAGE 1 COMPLETE
2025-12-19 09:45:02,295 - TwoStageSolver - INFO -   ThetaStar: 29.008168
2025-12-19 09:45:02,295 - TwoStageSolver - INFO -   Status: ModelStatus.OptimalGlobal
2025-12-19 09:45:02,296 - TwoStageSolver - INFO - ================================================================================
2025-12-19 09:45:02,330 - TwoStageSolver - INFO - 
================================================================================
2025-12-19 09:45:02,330 - TwoStageSolver - INFO - STAGE 2: COST MINIMIZATION
2025-12-19 09:45:02,331 - TwoStageSolver - INFO - ================================================================================
2025-12-19 09:45:02,331 - TwoStageSolver - INFO -   Solver: CPLEX
2025-12-19 09:45:02,332 - TwoStageSolver - INFO -   Problem: MIP
2025-12-19 09:45:02,332 - TwoStageSolver - INFO -   Objective: Minimize Total Cost
2025-12-19 09:45:02,333 - TwoStageSolver - INFO -   Fairness preserved: >= 29.008168
2025-12-19 09:45:09,911 - TwoStageSolver - INFO - 
================================================================================
2025-12-19 09:45:09,913 - TwoStageSolver - INFO - STAGE 2 COMPLETE
2025-12-19 09:45:09,913 - TwoStageSolver - INFO -   Total Cost: $1,013,836,434.00
2025-12-19 09:45:09,914 - TwoStageSolver - INFO -   Status: ModelStatus.Integer
2025-12-19 09:45:09,914 - TwoStageSolver - INFO - ================================================================================
2025-12-19 09:45:09,915 - HumanitarianLogistics - INFO - 
================================================================================
2025-12-19 09:45:09,915 - HumanitarianLogistics - INFO - PHASE 4: SOLUTION EXTRACTION
2025-12-19 09:45:09,916 - HumanitarianLogistics - INFO - ================================================================================
2025-12-19 09:45:09,916 - TwoStageSolver - INFO - 
================================================================================
2025-12-19 09:45:09,916 - TwoStageSolver - INFO - EXTRACTING SOLUTION DATA
2025-12-19 09:45:09,917 - TwoStageSolver - INFO - ================================================================================
2025-12-19 09:45:09,917 - TwoStageSolver - INFO - 
Loading variable records...
2025-12-19 09:45:09,918 - SolutionExtractor - INFO - Extracting solution data...
2025-12-19 09:45:09,918 - SolutionExtractor - INFO -   + x: 16224 records
2025-12-19 09:45:09,919 - SolutionExtractor - INFO -   + y: 1248 records
2025-12-19 09:45:09,919 - SolutionExtractor - INFO -   + Inv: 1248 records
2025-12-19 09:45:09,920 - SolutionExtractor - INFO -   + reloc: 10010 records
2025-12-19 09:45:09,921 - SolutionExtractor - INFO -   + staff: 832 records
2025-12-19 09:45:09,921 - SolutionExtractor - INFO -   + product_fulfilled: 11232 records
2025-12-19 09:45:09,922 - SolutionExtractor - INFO -   + service_delivered: 7488 records
2025-12-19 09:45:09,922 - SolutionExtractor - INFO -   + backlog_prod: 11232 records
2025-12-19 09:45:09,923 - SolutionExtractor - INFO -   + backlog_serv: 7488 records
2025-12-19 09:45:09,923 - SolutionExtractor - INFO -   + Exp: 6240 records
2025-12-19 09:45:09,924 - SolutionExtractor - INFO -   + theta: 32 records
2025-12-19 09:45:09,924 - SolutionExtractor - INFO - Computing objective breakdown...
2025-12-19 09:45:09,973 - HumanitarianLogistics - INFO - 
================================================================================
2025-12-19 09:45:09,975 - HumanitarianLogistics - INFO - PHASE 5: OUTPUT GENERATION
2025-12-19 09:45:09,975 - HumanitarianLogistics - INFO - ================================================================================
2025-12-19 09:45:09,995 - OutputManager - INFO - ================================================================================
2025-12-19 09:45:09,995 - OutputManager - INFO - GENERATING OUTPUTS
2025-12-19 09:45:09,996 - OutputManager - INFO - ================================================================================
2025-12-19 09:45:09,996 - CSVWriter - INFO - Saving CSV files...
2025-12-19 09:45:10,106 - CSVWriter - INFO -   + x_Shipment.csv (16224 records)
2025-12-19 09:45:10,122 - CSVWriter - INFO -   + y_Procurement.csv (1248 records)
2025-12-19 09:45:10,137 - CSVWriter - INFO -   + Inv_Inventory.csv (1248 records)
2025-12-19 09:45:10,216 - CSVWriter - INFO -   + reloc_StaffRelocation.csv (10010 records)
2025-12-19 09:45:10,229 - CSVWriter - INFO -   + staff_Deployment.csv (832 records)
2025-12-19 09:45:10,296 - CSVWriter - INFO -   + product_fulfilled.csv (11232 records)
2025-12-19 09:45:10,344 - CSVWriter - INFO -   + service_delivered.csv (7488 records)
2025-12-19 09:45:10,412 - CSVWriter - INFO -   + backlog_prod.csv (11232 records)
2025-12-19 09:45:10,457 - CSVWriter - INFO -   + backlog_serv.csv (7488 records)
2025-12-19 09:45:10,495 - CSVWriter - INFO -   + Exp_ExpiredDemand.csv (6240 records)
2025-12-19 09:45:10,502 - CSVWriter - INFO -   + theta_Fairness.csv (32 records)
2025-12-19 09:45:10,502 - CSVWriter - INFO -   Saved 11 CSV files to Z:\Paper5-Graph\Gams Model v012 - Object orenting model\output\csvs
2025-12-19 09:45:10,503 - ExcelWriter - INFO - Saving Excel report to optimization_results.xlsx...
2025-12-19 09:45:22,457 - ExcelWriter - INFO -   Excel report saved successfully
2025-12-19 09:45:22,458 - OutputManager - INFO - 
Generating text reports...
2025-12-19 09:45:22,471 - OutputManager - INFO -   + summary_report.txt
2025-12-19 09:45:22,481 - OutputManager - INFO -   + expired_demand_report.txt
2025-12-19 09:45:22,483 - OutputManager - INFO - 
Generating visualization data...
2025-12-19 09:45:22,487 - VisualizationPrep - INFO - Preparing visualization data...
2025-12-19 09:45:22,505 - VisualizationPrep - INFO -     Loaded x_Shipment.csv
2025-12-19 09:45:22,511 - VisualizationPrep - INFO -     Loaded Inv_Inventory.csv
2025-12-19 09:45:22,515 - VisualizationPrep - INFO -     Loaded staff_Deployment.csv
2025-12-19 09:45:22,528 - VisualizationPrep - INFO -     Loaded product_fulfilled.csv
2025-12-19 09:45:22,539 - VisualizationPrep - INFO -     Loaded service_delivered.csv
2025-12-19 09:45:22,553 - VisualizationPrep - INFO -     Loaded backlog_prod.csv
2025-12-19 09:45:22,565 - VisualizationPrep - INFO -     Loaded backlog_serv.csv
2025-12-19 09:45:22,576 - VisualizationPrep - INFO -     Loaded Exp_ExpiredDemand.csv
2025-12-19 09:45:22,588 - VisualizationPrep - INFO -     Loaded reloc_StaffRelocation.csv
2025-12-19 09:45:25,387 - VisualizationPrep - INFO -     Saved viz_data.js (991 flows, 13 locations)
2025-12-19 09:45:25,387 - VisualizationPrep - INFO -   Visualization data saved to Z:\Paper5-Graph\Gams Model v012 - Object orenting model\output\visualizations
2025-12-19 09:45:25,390 - OutputManager - INFO - 
================================================================================
2025-12-19 09:45:25,390 - OutputManager - INFO - ALL OUTPUTS SAVED SUCCESSFULLY
2025-12-19 09:45:25,391 - OutputManager - INFO - Output directory: Z:\Paper5-Graph\Gams Model v012 - Object orenting model\output
2025-12-19 09:45:25,391 - OutputManager - INFO - ================================================================================
2025-12-19 09:45:25,392 - HumanitarianLogistics - INFO - 
================================================================================
2025-12-19 09:45:25,392 - HumanitarianLogistics - INFO - OPTIMIZATION COMPLETED SUCCESSFULLY
2025-12-19 09:45:25,393 - HumanitarianLogistics - INFO - ================================================================================
2025-12-19 09:45:25,393 - HumanitarianLogistics - INFO - Total Cost: $1,013,836,434.00
2025-12-19 09:45:25,394 - HumanitarianLogistics - INFO - Fairness (ThetaStar): 29.008168
2025-12-19 09:45:25,394 - HumanitarianLogistics - INFO - Outputs saved to: Z:\Paper5-Graph\Gams Model v012 - Object orenting model\output
2025-12-19 09:45:25,395 - HumanitarianLogistics - INFO - ================================================================================
