2025-12-19 09:33:12,317 - HumanitarianLogistics - INFO - Logging initialized. Log file: Z:\Paper5-Graph\Gams Model v012 - Object orenting model\output\logs\optimization_20251219_093312.log
2025-12-19 09:33:12,318 - HumanitarianLogistics - INFO - Starting optimization system
2025-12-19 09:33:12,318 - HumanitarianLogistics - INFO - Loading configuration...
2025-12-19 09:33:12,333 - HumanitarianLogistics - INFO -   Configuration loaded from model_config.yaml
2025-12-19 09:33:12,334 - HumanitarianLogistics - INFO - 
================================================================================
2025-12-19 09:33:12,335 - HumanitarianLogistics - INFO - PHASE 1: DATA LOADING
2025-12-19 09:33:12,335 - HumanitarianLogistics - INFO - ================================================================================
2025-12-19 09:33:12,336 - DataManager - INFO - Loading all input data...
2025-12-19 09:33:12,336 - DataManager - INFO -   Loading demand from demand(i,k,r,t).csv...
2025-12-19 09:33:12,343 - DataManager - INFO -   Sets: 13 locations, 32 periods, 3 products, 2 services
2025-12-19 09:33:12,348 - HumanitarianLogistics - INFO - 
================================================================================
2025-12-19 09:33:12,356 - HumanitarianLogistics - INFO - PHASE 2: MODEL BUILDING
2025-12-19 09:33:12,356 - HumanitarianLogistics - INFO - ================================================================================
2025-12-19 09:33:12,461 - HumanitarianLogisticsModel - INFO - ================================================================================
2025-12-19 09:33:12,462 - HumanitarianLogisticsModel - INFO - BUILDING HUMANITARIAN LOGISTICS OPTIMIZATION MODEL
2025-12-19 09:33:12,463 - HumanitarianLogisticsModel - INFO - ================================================================================
2025-12-19 09:33:12,464 - SetBuilder - INFO - Building sets...
2025-12-19 09:33:12,568 - SetBuilder - INFO -   Created 9 sets
2025-12-19 09:33:12,569 - HumanitarianLogisticsModel - INFO - 
Building parameters...
2025-12-19 09:33:12,579 - DataManager - INFO -   Loaded network data: 156 arcs, 156 distances
2025-12-19 09:33:12,610 - ParameterManager - INFO -   Creating demand parameter...
2025-12-19 09:33:12,674 - ParameterManager - INFO -     5334 demand records created
2025-12-19 09:33:12,676 - ParameterManager - INFO -   Creating cost parameters...
2025-12-19 09:33:12,813 - ParameterManager - INFO -     Loaded 45 penalty values
2025-12-19 09:33:12,835 - DataManager - INFO -   Loaded initial inventory: 39 records
2025-12-19 09:33:12,838 - DataManager - INFO -   Loaded procurement allowance: 13 records
2025-12-19 09:33:12,914 - ParameterManager - INFO -     Loaded 39 initial inventory records
2025-12-19 09:33:12,931 - HumanitarianLogisticsModel - INFO -   Created 18 parameter groups
2025-12-19 09:33:12,932 - VariableBuilder - INFO - Building variables...
2025-12-19 09:33:13,116 - VariableBuilder - INFO -   Created 13 variables
2025-12-19 09:33:13,118 - HumanitarianLogisticsModel - INFO - 
Building objectives...
2025-12-19 09:33:13,118 - ObjectiveBuilder - INFO -   Building fairness objective...
2025-12-19 09:33:13,132 - ObjectiveBuilder - INFO -   Building cost objective...
2025-12-19 09:33:13,145 - ConstraintBuilder - INFO - Building constraints...
2025-12-19 09:33:13,159 - ConstraintBuilder - INFO -   Building initial conditions...
2025-12-19 09:33:13,310 - ConstraintBuilder - INFO -   Building flow balance constraints...
2025-12-19 09:33:13,354 - ConstraintBuilder - INFO -   Building capacity constraints...
2025-12-19 09:33:13,409 - ConstraintBuilder - INFO -   Building backlog constraints...
2025-12-19 09:33:13,619 - ConstraintBuilder - INFO -   Building fairness constraints...
2025-12-19 09:33:13,649 - ConstraintBuilder - INFO -   Building policy constraints...
2025-12-19 09:33:13,678 - ConstraintBuilder - INFO -   Created 34 equation groups
2025-12-19 09:33:13,679 - HumanitarianLogisticsModel - INFO - 
================================================================================
2025-12-19 09:33:13,680 - HumanitarianLogisticsModel - INFO - MODEL BUILD COMPLETE
2025-12-19 09:33:13,680 - HumanitarianLogisticsModel - INFO - ================================================================================
2025-12-19 09:33:13,681 - HumanitarianLogistics - INFO - 
================================================================================
2025-12-19 09:33:13,681 - HumanitarianLogistics - INFO - PHASE 3: OPTIMIZATION
2025-12-19 09:33:13,682 - HumanitarianLogistics - INFO - ================================================================================
2025-12-19 09:33:13,687 - TwoStageSolver - INFO - ================================================================================
2025-12-19 09:33:13,688 - TwoStageSolver - INFO - STAGE 1: FAIRNESS MAXIMIZATION
2025-12-19 09:33:13,688 - TwoStageSolver - INFO - ================================================================================
2025-12-19 09:33:13,689 - TwoStageSolver - INFO -   Solver: CPLEX
2025-12-19 09:33:13,689 - TwoStageSolver - INFO -   Problem: MIP
2025-12-19 09:33:13,690 - TwoStageSolver - INFO -   Objective: Maximize Sum(theta[t])
2025-12-19 09:33:16,484 - TwoStageSolver - INFO - 
================================================================================
2025-12-19 09:33:16,485 - TwoStageSolver - INFO - STAGE 1 COMPLETE
2025-12-19 09:33:16,486 - TwoStageSolver - INFO -   ThetaStar: 29.008168
2025-12-19 09:33:16,486 - TwoStageSolver - INFO -   Status: ModelStatus.OptimalGlobal
2025-12-19 09:33:16,487 - TwoStageSolver - INFO - ================================================================================
2025-12-19 09:33:16,516 - TwoStageSolver - INFO - 
================================================================================
2025-12-19 09:33:16,516 - TwoStageSolver - INFO - STAGE 2: COST MINIMIZATION
2025-12-19 09:33:16,517 - TwoStageSolver - INFO - ================================================================================
2025-12-19 09:33:16,518 - TwoStageSolver - INFO -   Solver: CPLEX
2025-12-19 09:33:16,518 - TwoStageSolver - INFO -   Problem: MIP
2025-12-19 09:33:16,519 - TwoStageSolver - INFO -   Objective: Minimize Total Cost
2025-12-19 09:33:16,519 - TwoStageSolver - INFO -   Fairness preserved: >= 29.008168
2025-12-19 09:33:24,096 - TwoStageSolver - INFO - 
================================================================================
2025-12-19 09:33:24,097 - TwoStageSolver - INFO - STAGE 2 COMPLETE
2025-12-19 09:33:24,098 - TwoStageSolver - INFO -   Total Cost: $1,013,836,434.00
2025-12-19 09:33:24,099 - TwoStageSolver - INFO -   Status: ModelStatus.Integer
2025-12-19 09:33:24,099 - TwoStageSolver - INFO - ================================================================================
2025-12-19 09:33:24,100 - HumanitarianLogistics - INFO - 
================================================================================
2025-12-19 09:33:24,100 - HumanitarianLogistics - INFO - PHASE 4: SOLUTION EXTRACTION
2025-12-19 09:33:24,101 - HumanitarianLogistics - INFO - ================================================================================
2025-12-19 09:33:24,101 - TwoStageSolver - INFO - 
================================================================================
2025-12-19 09:33:24,102 - TwoStageSolver - INFO - EXTRACTING SOLUTION DATA
2025-12-19 09:33:24,102 - TwoStageSolver - INFO - ================================================================================
2025-12-19 09:33:24,103 - TwoStageSolver - INFO - 
Loading variable records...
2025-12-19 09:33:24,103 - SolutionExtractor - INFO - Extracting solution data...
2025-12-19 09:33:24,104 - SolutionExtractor - INFO -   + x: 16224 records
2025-12-19 09:33:24,104 - SolutionExtractor - INFO -   + y: 1248 records
2025-12-19 09:33:24,105 - SolutionExtractor - INFO -   + Inv: 1248 records
2025-12-19 09:33:24,105 - SolutionExtractor - INFO -   + reloc: 10010 records
2025-12-19 09:33:24,105 - SolutionExtractor - INFO -   + staff: 832 records
2025-12-19 09:33:24,106 - SolutionExtractor - INFO -   + product_fulfilled: 11232 records
2025-12-19 09:33:24,106 - SolutionExtractor - INFO -   + service_delivered: 7488 records
2025-12-19 09:33:24,107 - SolutionExtractor - INFO -   + backlog_prod: 11232 records
2025-12-19 09:33:24,108 - SolutionExtractor - INFO -   + backlog_serv: 7488 records
2025-12-19 09:33:24,108 - SolutionExtractor - INFO -   + Exp: 6240 records
2025-12-19 09:33:24,109 - SolutionExtractor - INFO -   + theta: 32 records
2025-12-19 09:33:24,109 - SolutionExtractor - INFO - Computing objective breakdown...
2025-12-19 09:33:24,159 - HumanitarianLogistics - INFO - 
================================================================================
2025-12-19 09:33:24,160 - HumanitarianLogistics - INFO - PHASE 5: OUTPUT GENERATION
2025-12-19 09:33:24,160 - HumanitarianLogistics - INFO - ================================================================================
2025-12-19 09:33:24,181 - OutputManager - INFO - ================================================================================
2025-12-19 09:33:24,182 - OutputManager - INFO - GENERATING OUTPUTS
2025-12-19 09:33:24,182 - OutputManager - INFO - ================================================================================
2025-12-19 09:33:24,183 - CSVWriter - INFO - Saving CSV files...
2025-12-19 09:33:24,292 - CSVWriter - INFO -   + x_Shipment.csv (16224 records)
2025-12-19 09:33:24,316 - CSVWriter - INFO -   + y_Procurement.csv (1248 records)
2025-12-19 09:33:24,331 - CSVWriter - INFO -   + Inv_Inventory.csv (1248 records)
2025-12-19 09:33:24,395 - CSVWriter - INFO -   + reloc_StaffRelocation.csv (10010 records)
2025-12-19 09:33:24,409 - CSVWriter - INFO -   + staff_Deployment.csv (832 records)
2025-12-19 09:33:24,551 - CSVWriter - INFO -   + product_fulfilled.csv (11232 records)
2025-12-19 09:33:24,597 - CSVWriter - INFO -   + service_delivered.csv (7488 records)
2025-12-19 09:33:24,675 - CSVWriter - INFO -   + backlog_prod.csv (11232 records)
2025-12-19 09:33:24,765 - CSVWriter - INFO -   + backlog_serv.csv (7488 records)
2025-12-19 09:33:24,817 - CSVWriter - INFO -   + Exp_ExpiredDemand.csv (6240 records)
2025-12-19 09:33:24,826 - CSVWriter - INFO -   + theta_Fairness.csv (32 records)
2025-12-19 09:33:24,826 - CSVWriter - INFO -   Saved 11 CSV files to Z:\Paper5-Graph\Gams Model v012 - Object orenting model\output\csvs
2025-12-19 09:33:24,827 - ExcelWriter - INFO - Saving Excel report to optimization_results.xlsx...
2025-12-19 09:33:36,874 - ExcelWriter - INFO -   Excel report saved successfully
2025-12-19 09:33:36,875 - OutputManager - INFO - 
Generating text reports...
2025-12-19 09:33:36,885 - OutputManager - INFO -   + summary_report.txt
2025-12-19 09:33:36,896 - OutputManager - INFO -   + expired_demand_report.txt
2025-12-19 09:33:36,898 - OutputManager - INFO - 
Generating visualization data...
2025-12-19 09:33:36,902 - VisualizationPrep - INFO - Preparing visualization data...
2025-12-19 09:33:36,922 - VisualizationPrep - INFO -     Loaded x_Shipment.csv
2025-12-19 09:33:36,928 - VisualizationPrep - INFO -     Loaded Inv_Inventory.csv
2025-12-19 09:33:36,933 - VisualizationPrep - INFO -     Loaded staff_Deployment.csv
2025-12-19 09:33:36,951 - VisualizationPrep - INFO -     Loaded product_fulfilled.csv
2025-12-19 09:33:36,963 - VisualizationPrep - INFO -     Loaded service_delivered.csv
2025-12-19 09:33:36,979 - VisualizationPrep - INFO -     Loaded backlog_prod.csv
2025-12-19 09:33:36,992 - VisualizationPrep - INFO -     Loaded backlog_serv.csv
2025-12-19 09:33:37,004 - VisualizationPrep - INFO -     Loaded Exp_ExpiredDemand.csv
2025-12-19 09:33:37,018 - VisualizationPrep - INFO -     Loaded reloc_StaffRelocation.csv
2025-12-19 09:33:39,845 - VisualizationPrep - INFO -     Saved viz_data.js (991 flows, 13 locations)
2025-12-19 09:33:39,845 - VisualizationPrep - INFO -   Visualization data saved to Z:\Paper5-Graph\Gams Model v012 - Object orenting model\output\visualizations
2025-12-19 09:33:39,848 - OutputManager - INFO - 
================================================================================
2025-12-19 09:33:39,848 - OutputManager - INFO - ALL OUTPUTS SAVED SUCCESSFULLY
2025-12-19 09:33:39,849 - OutputManager - INFO - Output directory: Z:\Paper5-Graph\Gams Model v012 - Object orenting model\output
2025-12-19 09:33:39,849 - OutputManager - INFO - ================================================================================
2025-12-19 09:33:39,850 - HumanitarianLogistics - INFO - 
================================================================================
2025-12-19 09:33:39,850 - HumanitarianLogistics - INFO - OPTIMIZATION COMPLETED SUCCESSFULLY
2025-12-19 09:33:39,851 - HumanitarianLogistics - INFO - ================================================================================
2025-12-19 09:33:39,851 - HumanitarianLogistics - INFO - Total Cost: $1,013,836,434.00
2025-12-19 09:33:39,852 - HumanitarianLogistics - INFO - Fairness (ThetaStar): 29.008168
2025-12-19 09:33:39,852 - HumanitarianLogistics - INFO - Outputs saved to: Z:\Paper5-Graph\Gams Model v012 - Object orenting model\output
2025-12-19 09:33:39,853 - HumanitarianLogistics - INFO - ================================================================================
