2025-12-19 09:06:19,812 - HumanitarianLogistics - INFO - Logging initialized. Log file: Z:\Paper5-Graph\Gams Model v012 - Object orenting model\output\logs\optimization_20251219_090619.log
2025-12-19 09:06:19,813 - HumanitarianLogistics - INFO - Starting optimization system
2025-12-19 09:06:19,813 - HumanitarianLogistics - INFO - Loading configuration...
2025-12-19 09:06:19,828 - HumanitarianLogistics - INFO -   Configuration loaded from model_config.yaml
2025-12-19 09:06:19,839 - HumanitarianLogistics - INFO - 
================================================================================
2025-12-19 09:06:19,839 - HumanitarianLogistics - INFO - PHASE 1: DATA LOADING
2025-12-19 09:06:19,840 - HumanitarianLogistics - INFO - ================================================================================
2025-12-19 09:06:19,840 - DataManager - INFO - Loading all input data...
2025-12-19 09:06:19,841 - DataManager - INFO -   Loading demand from demand(i,k,r,t).csv...
2025-12-19 09:06:19,848 - DataManager - INFO -   Sets: 13 locations, 32 periods, 3 products, 2 services
2025-12-19 09:06:19,848 - HumanitarianLogistics - INFO - 
================================================================================
2025-12-19 09:06:19,849 - HumanitarianLogistics - INFO - PHASE 2: MODEL BUILDING
2025-12-19 09:06:19,849 - HumanitarianLogistics - INFO - ================================================================================
2025-12-19 09:06:19,954 - HumanitarianLogisticsModel - INFO - ================================================================================
2025-12-19 09:06:19,955 - HumanitarianLogisticsModel - INFO - BUILDING HUMANITARIAN LOGISTICS OPTIMIZATION MODEL
2025-12-19 09:06:19,956 - HumanitarianLogisticsModel - INFO - ================================================================================
2025-12-19 09:06:19,956 - SetBuilder - INFO - Building sets...
2025-12-19 09:06:20,056 - SetBuilder - INFO -   Created 9 sets
2025-12-19 09:06:20,056 - HumanitarianLogisticsModel - INFO - 
Building parameters...
2025-12-19 09:06:20,066 - DataManager - INFO -   Loaded network data: 156 arcs, 156 distances
2025-12-19 09:06:20,098 - ParameterManager - INFO -   Creating demand parameter...
2025-12-19 09:06:20,162 - ParameterManager - INFO -     5334 demand records created
2025-12-19 09:06:20,163 - ParameterManager - INFO -   Creating cost parameters...
2025-12-19 09:06:20,302 - ParameterManager - INFO -     Loaded 45 penalty values
2025-12-19 09:06:20,322 - DataManager - INFO -   Loaded initial inventory: 39 records
2025-12-19 09:06:20,339 - DataManager - INFO -   Loaded procurement allowance: 13 records
2025-12-19 09:06:20,416 - ParameterManager - INFO -     Loaded 39 initial inventory records
2025-12-19 09:06:20,437 - HumanitarianLogisticsModel - INFO -   Created 18 parameter groups
2025-12-19 09:06:20,454 - VariableBuilder - INFO - Building variables...
2025-12-19 09:06:20,644 - VariableBuilder - INFO -   Created 13 variables
2025-12-19 09:06:20,649 - HumanitarianLogisticsModel - INFO - 
Building objectives...
2025-12-19 09:06:20,650 - ObjectiveBuilder - INFO -   Building fairness objective...
2025-12-19 09:06:20,662 - ObjectiveBuilder - INFO -   Building cost objective...
2025-12-19 09:06:20,678 - ConstraintBuilder - INFO - Building constraints...
2025-12-19 09:06:20,692 - ConstraintBuilder - INFO -   Building initial conditions...
2025-12-19 09:06:20,853 - ConstraintBuilder - INFO -   Building flow balance constraints...
2025-12-19 09:06:20,896 - ConstraintBuilder - INFO -   Building capacity constraints...
2025-12-19 09:06:20,956 - ConstraintBuilder - INFO -   Building backlog constraints...
2025-12-19 09:06:21,160 - ConstraintBuilder - INFO -   Building fairness constraints...
2025-12-19 09:06:21,188 - ConstraintBuilder - INFO -   Building policy constraints...
2025-12-19 09:06:21,216 - ConstraintBuilder - INFO -   Created 34 equation groups
2025-12-19 09:06:21,216 - HumanitarianLogisticsModel - INFO - 
================================================================================
2025-12-19 09:06:21,217 - HumanitarianLogisticsModel - INFO - MODEL BUILD COMPLETE
2025-12-19 09:06:21,217 - HumanitarianLogisticsModel - INFO - ================================================================================
2025-12-19 09:06:21,218 - HumanitarianLogistics - INFO - 
================================================================================
2025-12-19 09:06:21,219 - HumanitarianLogistics - INFO - PHASE 3: OPTIMIZATION
2025-12-19 09:06:21,219 - HumanitarianLogistics - INFO - ================================================================================
2025-12-19 09:06:21,224 - TwoStageSolver - INFO - ================================================================================
2025-12-19 09:06:21,224 - TwoStageSolver - INFO - STAGE 1: FAIRNESS MAXIMIZATION
2025-12-19 09:06:21,225 - TwoStageSolver - INFO - ================================================================================
2025-12-19 09:06:21,225 - TwoStageSolver - INFO -   Solver: CPLEX
2025-12-19 09:06:21,226 - TwoStageSolver - INFO -   Problem: MIP
2025-12-19 09:06:21,226 - TwoStageSolver - INFO -   Objective: Maximize Sum(theta[t])
2025-12-19 09:06:52,121 - TwoStageSolver - INFO - 
================================================================================
2025-12-19 09:06:52,122 - TwoStageSolver - INFO - STAGE 1 COMPLETE
2025-12-19 09:06:52,123 - TwoStageSolver - INFO -   ThetaStar: 23.842190
2025-12-19 09:06:52,123 - TwoStageSolver - INFO -   Status: ModelStatus.OptimalGlobal
2025-12-19 09:06:52,124 - TwoStageSolver - INFO - ================================================================================
2025-12-19 09:06:52,156 - TwoStageSolver - INFO - 
================================================================================
2025-12-19 09:06:52,157 - TwoStageSolver - INFO - STAGE 2: COST MINIMIZATION
2025-12-19 09:06:52,157 - TwoStageSolver - INFO - ================================================================================
2025-12-19 09:06:52,158 - TwoStageSolver - INFO -   Solver: CPLEX
2025-12-19 09:06:52,158 - TwoStageSolver - INFO -   Problem: MIP
2025-12-19 09:06:52,159 - TwoStageSolver - INFO -   Objective: Minimize Total Cost
2025-12-19 09:06:52,159 - TwoStageSolver - INFO -   Fairness preserved: >= 23.842190
2025-12-19 09:11:55,944 - MODEL - WARNING - The solve was interrupted! Solve status: ResourceInterrupt. For further information, see https://gamspy.readthedocs.io/en/latest/reference/gamspy._model.html#gamspy.SolveStatus.
2025-12-19 09:11:56,010 - TwoStageSolver - INFO - 
================================================================================
2025-12-19 09:11:56,011 - TwoStageSolver - INFO - STAGE 2 COMPLETE
2025-12-19 09:11:56,011 - TwoStageSolver - INFO -   Total Cost: $2,000,000,000,000,000,105,009,520,510,408,840,497,408,937,162,216,318,309,831,708,231,023,604,915,977,816,391,572,742,750,160,895,728,087,408,887,665,767,756,353,885,046,470,720,861,151,289,584,369,573,413,965,696,774,401,853,151,607,475,660,467,589,576,180,118,737,906,469,941,599,890,162,238,077,935,281,760,149,305,485,560,284,989,158,517,577,640,113,685,676,231,338,944,392,773,730,918,801,080,320.00
2025-12-19 09:11:56,012 - TwoStageSolver - INFO -   Status: ModelStatus.NoSolutionReturned
2025-12-19 09:11:56,012 - TwoStageSolver - INFO - ================================================================================
2025-12-19 09:11:56,013 - HumanitarianLogistics - INFO - 
================================================================================
2025-12-19 09:11:56,014 - HumanitarianLogistics - INFO - PHASE 4: SOLUTION EXTRACTION
2025-12-19 09:11:56,014 - HumanitarianLogistics - INFO - ================================================================================
2025-12-19 09:11:56,014 - TwoStageSolver - INFO - 
================================================================================
2025-12-19 09:11:56,015 - TwoStageSolver - INFO - EXTRACTING SOLUTION DATA
2025-12-19 09:11:56,015 - TwoStageSolver - INFO - ================================================================================
2025-12-19 09:11:56,016 - TwoStageSolver - INFO - 
Loading variable records...
2025-12-19 09:11:56,016 - SolutionExtractor - INFO - Extracting solution data...
2025-12-19 09:11:56,017 - SolutionExtractor - INFO -   + x: 16224 records
2025-12-19 09:11:56,017 - SolutionExtractor - INFO -   + y: 1248 records
2025-12-19 09:11:56,018 - SolutionExtractor - INFO -   + Inv: 1248 records
2025-12-19 09:11:56,018 - SolutionExtractor - INFO -   + reloc: 10010 records
2025-12-19 09:11:56,019 - SolutionExtractor - INFO -   + staff: 832 records
2025-12-19 09:11:56,019 - SolutionExtractor - INFO -   + product_fulfilled: 11232 records
2025-12-19 09:11:56,019 - SolutionExtractor - INFO -   + service_delivered: 7488 records
2025-12-19 09:11:56,020 - SolutionExtractor - INFO -   + backlog_prod: 11232 records
2025-12-19 09:11:56,021 - SolutionExtractor - INFO -   + backlog_serv: 7488 records
2025-12-19 09:11:56,021 - SolutionExtractor - INFO -   + Exp: 6240 records
2025-12-19 09:11:56,022 - SolutionExtractor - INFO -   + theta: 32 records
2025-12-19 09:11:56,022 - SolutionExtractor - INFO - Computing objective breakdown...
2025-12-19 09:11:56,070 - HumanitarianLogistics - INFO - 
================================================================================
2025-12-19 09:11:56,071 - HumanitarianLogistics - INFO - PHASE 5: OUTPUT GENERATION
2025-12-19 09:11:56,071 - HumanitarianLogistics - INFO - ================================================================================
2025-12-19 09:11:56,091 - OutputManager - INFO - ================================================================================
2025-12-19 09:11:56,091 - OutputManager - INFO - GENERATING OUTPUTS
2025-12-19 09:11:56,092 - OutputManager - INFO - ================================================================================
2025-12-19 09:11:56,092 - CSVWriter - INFO - Saving CSV files...
2025-12-19 09:11:56,196 - CSVWriter - INFO -   + x_Shipment.csv (16224 records)
2025-12-19 09:11:56,211 - CSVWriter - INFO -   + y_Procurement.csv (1248 records)
2025-12-19 09:11:56,226 - CSVWriter - INFO -   + Inv_Inventory.csv (1248 records)
2025-12-19 09:11:56,285 - CSVWriter - INFO -   + reloc_StaffRelocation.csv (10010 records)
2025-12-19 09:11:56,298 - CSVWriter - INFO -   + staff_Deployment.csv (832 records)
2025-12-19 09:11:56,369 - CSVWriter - INFO -   + product_fulfilled.csv (11232 records)
2025-12-19 09:11:56,415 - CSVWriter - INFO -   + service_delivered.csv (7488 records)
2025-12-19 09:11:56,483 - CSVWriter - INFO -   + backlog_prod.csv (11232 records)
2025-12-19 09:11:56,528 - CSVWriter - INFO -   + backlog_serv.csv (7488 records)
2025-12-19 09:11:56,572 - CSVWriter - INFO -   + Exp_ExpiredDemand.csv (6240 records)
2025-12-19 09:11:56,581 - CSVWriter - INFO -   + theta_Fairness.csv (32 records)
2025-12-19 09:11:56,582 - CSVWriter - INFO -   Saved 11 CSV files to Z:\Paper5-Graph\Gams Model v012 - Object orenting model\output\csvs
2025-12-19 09:11:56,582 - ExcelWriter - INFO - Saving Excel report to optimization_results.xlsx...
2025-12-19 09:12:08,378 - ExcelWriter - INFO -   Excel report saved successfully
2025-12-19 09:12:08,379 - OutputManager - INFO - 
Generating text reports...
2025-12-19 09:12:08,389 - OutputManager - INFO -   + summary_report.txt
2025-12-19 09:12:08,400 - OutputManager - INFO -   + expired_demand_report.txt
2025-12-19 09:12:08,401 - OutputManager - INFO - 
Generating visualization data...
2025-12-19 09:12:08,405 - VisualizationPrep - INFO - Preparing visualization data...
2025-12-19 09:12:08,422 - VisualizationPrep - INFO -     Loaded x_Shipment.csv
2025-12-19 09:12:08,427 - VisualizationPrep - INFO -     Loaded Inv_Inventory.csv
2025-12-19 09:12:08,432 - VisualizationPrep - INFO -     Loaded staff_Deployment.csv
2025-12-19 09:12:08,446 - VisualizationPrep - INFO -     Loaded product_fulfilled.csv
2025-12-19 09:12:08,456 - VisualizationPrep - INFO -     Loaded service_delivered.csv
2025-12-19 09:12:08,471 - VisualizationPrep - INFO -     Loaded backlog_prod.csv
2025-12-19 09:12:08,482 - VisualizationPrep - INFO -     Loaded backlog_serv.csv
2025-12-19 09:12:08,487 - VisualizationPrep - INFO -     Loaded y_Procurement.csv
2025-12-19 09:12:08,499 - VisualizationPrep - INFO -     Loaded reloc_StaffRelocation.csv
2025-12-19 09:12:10,484 - OutputManager - WARNING -   Visualization prep failed: keys must be str, int, float, bool or None, not int64
2025-12-19 09:12:10,487 - OutputManager - INFO - 
================================================================================
2025-12-19 09:12:10,487 - OutputManager - INFO - ALL OUTPUTS SAVED SUCCESSFULLY
2025-12-19 09:12:10,488 - OutputManager - INFO - Output directory: Z:\Paper5-Graph\Gams Model v012 - Object orenting model\output
2025-12-19 09:12:10,488 - OutputManager - INFO - ================================================================================
2025-12-19 09:12:10,489 - HumanitarianLogistics - INFO - 
================================================================================
2025-12-19 09:12:10,489 - HumanitarianLogistics - INFO - OPTIMIZATION COMPLETED SUCCESSFULLY
2025-12-19 09:12:10,490 - HumanitarianLogistics - INFO - ================================================================================
2025-12-19 09:12:10,490 - HumanitarianLogistics - INFO - Total Cost: $2,000,000,000,000,000,105,009,520,510,408,840,497,408,937,162,216,318,309,831,708,231,023,604,915,977,816,391,572,742,750,160,895,728,087,408,887,665,767,756,353,885,046,470,720,861,151,289,584,369,573,413,965,696,774,401,853,151,607,475,660,467,589,576,180,118,737,906,469,941,599,890,162,238,077,935,281,760,149,305,485,560,284,989,158,517,577,640,113,685,676,231,338,944,392,773,730,918,801,080,320.00
2025-12-19 09:12:10,491 - HumanitarianLogistics - INFO - Fairness (ThetaStar): 23.842190
2025-12-19 09:12:10,491 - HumanitarianLogistics - INFO - Outputs saved to: Z:\Paper5-Graph\Gams Model v012 - Object orenting model\output
2025-12-19 09:12:10,492 - HumanitarianLogistics - INFO - ================================================================================
