2025-12-19 09:12:51,998 - HumanitarianLogistics - INFO - Logging initialized. Log file: Z:\Paper5-Graph\Gams Model v012 - Object orenting model\output\logs\optimization_20251219_091251.log
2025-12-19 09:12:51,999 - HumanitarianLogistics - INFO - Starting optimization system
2025-12-19 09:12:52,000 - HumanitarianLogistics - INFO - Loading configuration...
2025-12-19 09:12:52,013 - HumanitarianLogistics - INFO -   Configuration loaded from model_config.yaml
2025-12-19 09:12:52,013 - HumanitarianLogistics - INFO - 
================================================================================
2025-12-19 09:12:52,014 - HumanitarianLogistics - INFO - PHASE 1: DATA LOADING
2025-12-19 09:12:52,015 - HumanitarianLogistics - INFO - ================================================================================
2025-12-19 09:12:52,015 - DataManager - INFO - Loading all input data...
2025-12-19 09:12:52,016 - DataManager - INFO -   Loading demand from demand(i,k,r,t).csv...
2025-12-19 09:12:52,021 - DataManager - INFO -   Sets: 13 locations, 32 periods, 3 products, 2 services
2025-12-19 09:12:52,022 - HumanitarianLogistics - INFO - 
================================================================================
2025-12-19 09:12:52,022 - HumanitarianLogistics - INFO - PHASE 2: MODEL BUILDING
2025-12-19 09:12:52,023 - HumanitarianLogistics - INFO - ================================================================================
2025-12-19 09:12:52,206 - HumanitarianLogisticsModel - INFO - ================================================================================
2025-12-19 09:12:52,207 - HumanitarianLogisticsModel - INFO - BUILDING HUMANITARIAN LOGISTICS OPTIMIZATION MODEL
2025-12-19 09:12:52,207 - HumanitarianLogisticsModel - INFO - ================================================================================
2025-12-19 09:12:52,208 - SetBuilder - INFO - Building sets...
2025-12-19 09:12:52,309 - SetBuilder - INFO -   Created 9 sets
2025-12-19 09:12:52,310 - HumanitarianLogisticsModel - INFO - 
Building parameters...
2025-12-19 09:12:52,318 - DataManager - INFO -   Loaded network data: 156 arcs, 156 distances
2025-12-19 09:12:52,350 - ParameterManager - INFO -   Creating demand parameter...
2025-12-19 09:12:52,412 - ParameterManager - INFO -     5334 demand records created
2025-12-19 09:12:52,413 - ParameterManager - INFO -   Creating cost parameters...
2025-12-19 09:12:52,554 - ParameterManager - INFO -     Loaded 45 penalty values
2025-12-19 09:12:52,575 - DataManager - INFO -   Loaded initial inventory: 39 records
2025-12-19 09:12:52,579 - DataManager - INFO -   Loaded procurement allowance: 13 records
2025-12-19 09:12:52,656 - ParameterManager - INFO -     Loaded 39 initial inventory records
2025-12-19 09:12:52,673 - HumanitarianLogisticsModel - INFO -   Created 18 parameter groups
2025-12-19 09:12:52,673 - VariableBuilder - INFO - Building variables...
2025-12-19 09:12:52,848 - VariableBuilder - INFO -   Created 13 variables
2025-12-19 09:12:52,849 - HumanitarianLogisticsModel - INFO - 
Building objectives...
2025-12-19 09:12:52,850 - ObjectiveBuilder - INFO -   Building fairness objective...
2025-12-19 09:12:52,864 - ObjectiveBuilder - INFO -   Building cost objective...
2025-12-19 09:12:52,877 - ConstraintBuilder - INFO - Building constraints...
2025-12-19 09:12:52,892 - ConstraintBuilder - INFO -   Building initial conditions...
2025-12-19 09:12:53,051 - ConstraintBuilder - INFO -   Building flow balance constraints...
2025-12-19 09:12:53,093 - ConstraintBuilder - INFO -   Building capacity constraints...
2025-12-19 09:12:53,146 - ConstraintBuilder - INFO -   Building backlog constraints...
2025-12-19 09:12:53,353 - ConstraintBuilder - INFO -   Building fairness constraints...
2025-12-19 09:12:53,381 - ConstraintBuilder - INFO -   Building policy constraints...
2025-12-19 09:12:53,409 - ConstraintBuilder - INFO -   Created 34 equation groups
2025-12-19 09:12:53,409 - HumanitarianLogisticsModel - INFO - 
================================================================================
2025-12-19 09:12:53,410 - HumanitarianLogisticsModel - INFO - MODEL BUILD COMPLETE
2025-12-19 09:12:53,411 - HumanitarianLogisticsModel - INFO - ================================================================================
2025-12-19 09:12:53,412 - HumanitarianLogistics - INFO - 
================================================================================
2025-12-19 09:12:53,412 - HumanitarianLogistics - INFO - PHASE 3: OPTIMIZATION
2025-12-19 09:12:53,413 - HumanitarianLogistics - INFO - ================================================================================
2025-12-19 09:12:53,417 - TwoStageSolver - INFO - ================================================================================
2025-12-19 09:12:53,418 - TwoStageSolver - INFO - STAGE 1: FAIRNESS MAXIMIZATION
2025-12-19 09:12:53,418 - TwoStageSolver - INFO - ================================================================================
2025-12-19 09:12:53,419 - TwoStageSolver - INFO -   Solver: CPLEX
2025-12-19 09:12:53,419 - TwoStageSolver - INFO -   Problem: MIP
2025-12-19 09:12:53,420 - TwoStageSolver - INFO -   Objective: Maximize Sum(theta[t])
2025-12-19 09:12:56,406 - TwoStageSolver - INFO - 
================================================================================
2025-12-19 09:12:56,407 - TwoStageSolver - INFO - STAGE 1 COMPLETE
2025-12-19 09:12:56,408 - TwoStageSolver - INFO -   ThetaStar: 29.005725
2025-12-19 09:12:56,409 - TwoStageSolver - INFO -   Status: ModelStatus.Integer
2025-12-19 09:12:56,409 - TwoStageSolver - INFO - ================================================================================
2025-12-19 09:12:56,440 - TwoStageSolver - INFO - 
================================================================================
2025-12-19 09:12:56,441 - TwoStageSolver - INFO - STAGE 2: COST MINIMIZATION
2025-12-19 09:12:56,442 - TwoStageSolver - INFO - ================================================================================
2025-12-19 09:12:56,442 - TwoStageSolver - INFO -   Solver: CPLEX
2025-12-19 09:12:56,442 - TwoStageSolver - INFO -   Problem: MIP
2025-12-19 09:12:56,443 - TwoStageSolver - INFO -   Objective: Minimize Total Cost
2025-12-19 09:12:56,443 - TwoStageSolver - INFO -   Fairness preserved: >= 29.005725
2025-12-19 09:13:04,563 - TwoStageSolver - INFO - 
================================================================================
2025-12-19 09:13:04,564 - TwoStageSolver - INFO - STAGE 2 COMPLETE
2025-12-19 09:13:04,565 - TwoStageSolver - INFO -   Total Cost: $1,013,011,284.80
2025-12-19 09:13:04,565 - TwoStageSolver - INFO -   Status: ModelStatus.Integer
2025-12-19 09:13:04,566 - TwoStageSolver - INFO - ================================================================================
2025-12-19 09:13:04,566 - HumanitarianLogistics - INFO - 
================================================================================
2025-12-19 09:13:04,567 - HumanitarianLogistics - INFO - PHASE 4: SOLUTION EXTRACTION
2025-12-19 09:13:04,567 - HumanitarianLogistics - INFO - ================================================================================
2025-12-19 09:13:04,568 - TwoStageSolver - INFO - 
================================================================================
2025-12-19 09:13:04,568 - TwoStageSolver - INFO - EXTRACTING SOLUTION DATA
2025-12-19 09:13:04,569 - TwoStageSolver - INFO - ================================================================================
2025-12-19 09:13:04,569 - TwoStageSolver - INFO - 
Loading variable records...
2025-12-19 09:13:04,570 - SolutionExtractor - INFO - Extracting solution data...
2025-12-19 09:13:04,570 - SolutionExtractor - INFO -   + x: 16224 records
2025-12-19 09:13:04,570 - SolutionExtractor - INFO -   + y: 1248 records
2025-12-19 09:13:04,571 - SolutionExtractor - INFO -   + Inv: 1248 records
2025-12-19 09:13:04,571 - SolutionExtractor - INFO -   + reloc: 10010 records
2025-12-19 09:13:04,571 - SolutionExtractor - INFO -   + staff: 832 records
2025-12-19 09:13:04,572 - SolutionExtractor - INFO -   + product_fulfilled: 11232 records
2025-12-19 09:13:04,572 - SolutionExtractor - INFO -   + service_delivered: 7488 records
2025-12-19 09:13:04,573 - SolutionExtractor - INFO -   + backlog_prod: 11232 records
2025-12-19 09:13:04,573 - SolutionExtractor - INFO -   + backlog_serv: 7488 records
2025-12-19 09:13:04,574 - SolutionExtractor - INFO -   + Exp: 6240 records
2025-12-19 09:13:04,574 - SolutionExtractor - INFO -   + theta: 32 records
2025-12-19 09:13:04,574 - SolutionExtractor - INFO - Computing objective breakdown...
2025-12-19 09:13:04,623 - HumanitarianLogistics - INFO - 
================================================================================
2025-12-19 09:13:04,623 - HumanitarianLogistics - INFO - PHASE 5: OUTPUT GENERATION
2025-12-19 09:13:04,624 - HumanitarianLogistics - INFO - ================================================================================
2025-12-19 09:13:04,643 - OutputManager - INFO - ================================================================================
2025-12-19 09:13:04,644 - OutputManager - INFO - GENERATING OUTPUTS
2025-12-19 09:13:04,644 - OutputManager - INFO - ================================================================================
2025-12-19 09:13:04,645 - CSVWriter - INFO - Saving CSV files...
2025-12-19 09:13:04,748 - CSVWriter - INFO -   + x_Shipment.csv (16224 records)
2025-12-19 09:13:04,762 - CSVWriter - INFO -   + y_Procurement.csv (1248 records)
2025-12-19 09:13:04,777 - CSVWriter - INFO -   + Inv_Inventory.csv (1248 records)
2025-12-19 09:13:04,835 - CSVWriter - INFO -   + reloc_StaffRelocation.csv (10010 records)
2025-12-19 09:13:04,850 - CSVWriter - INFO -   + staff_Deployment.csv (832 records)
2025-12-19 09:13:04,916 - CSVWriter - INFO -   + product_fulfilled.csv (11232 records)
2025-12-19 09:13:04,963 - CSVWriter - INFO -   + service_delivered.csv (7488 records)
2025-12-19 09:13:05,061 - CSVWriter - INFO -   + backlog_prod.csv (11232 records)
2025-12-19 09:13:05,117 - CSVWriter - INFO -   + backlog_serv.csv (7488 records)
2025-12-19 09:13:05,156 - CSVWriter - INFO -   + Exp_ExpiredDemand.csv (6240 records)
2025-12-19 09:13:05,164 - CSVWriter - INFO -   + theta_Fairness.csv (32 records)
2025-12-19 09:13:05,164 - CSVWriter - INFO -   Saved 11 CSV files to Z:\Paper5-Graph\Gams Model v012 - Object orenting model\output\csvs
2025-12-19 09:13:05,165 - ExcelWriter - INFO - Saving Excel report to optimization_results.xlsx...
2025-12-19 09:13:16,945 - ExcelWriter - INFO -   Excel report saved successfully
2025-12-19 09:13:16,945 - OutputManager - INFO - 
Generating text reports...
2025-12-19 09:13:16,956 - OutputManager - INFO -   + summary_report.txt
2025-12-19 09:13:16,967 - OutputManager - INFO -   + expired_demand_report.txt
2025-12-19 09:13:16,968 - OutputManager - INFO - 
Generating visualization data...
2025-12-19 09:13:16,972 - VisualizationPrep - INFO - Preparing visualization data...
2025-12-19 09:13:16,991 - VisualizationPrep - INFO -     Loaded x_Shipment.csv
2025-12-19 09:13:16,997 - VisualizationPrep - INFO -     Loaded Inv_Inventory.csv
2025-12-19 09:13:17,003 - VisualizationPrep - INFO -     Loaded staff_Deployment.csv
2025-12-19 09:13:17,019 - VisualizationPrep - INFO -     Loaded product_fulfilled.csv
2025-12-19 09:13:17,032 - VisualizationPrep - INFO -     Loaded service_delivered.csv
2025-12-19 09:13:17,048 - VisualizationPrep - INFO -     Loaded backlog_prod.csv
2025-12-19 09:13:17,060 - VisualizationPrep - INFO -     Loaded backlog_serv.csv
2025-12-19 09:13:17,066 - VisualizationPrep - INFO -     Loaded y_Procurement.csv
2025-12-19 09:13:17,082 - VisualizationPrep - INFO -     Loaded reloc_StaffRelocation.csv
2025-12-19 09:13:18,877 - OutputManager - WARNING -   Visualization prep failed: keys must be str, int, float, bool or None, not int64
2025-12-19 09:13:18,879 - OutputManager - INFO - 
================================================================================
2025-12-19 09:13:18,879 - OutputManager - INFO - ALL OUTPUTS SAVED SUCCESSFULLY
2025-12-19 09:13:18,880 - OutputManager - INFO - Output directory: Z:\Paper5-Graph\Gams Model v012 - Object orenting model\output
2025-12-19 09:13:18,880 - OutputManager - INFO - ================================================================================
2025-12-19 09:13:18,881 - HumanitarianLogistics - INFO - 
================================================================================
2025-12-19 09:13:18,881 - HumanitarianLogistics - INFO - OPTIMIZATION COMPLETED SUCCESSFULLY
2025-12-19 09:13:18,882 - HumanitarianLogistics - INFO - ================================================================================
2025-12-19 09:13:18,882 - HumanitarianLogistics - INFO - Total Cost: $1,013,011,284.80
2025-12-19 09:13:18,883 - HumanitarianLogistics - INFO - Fairness (ThetaStar): 29.005725
2025-12-19 09:13:18,883 - HumanitarianLogistics - INFO - Outputs saved to: Z:\Paper5-Graph\Gams Model v012 - Object orenting model\output
2025-12-19 09:13:18,884 - HumanitarianLogistics - INFO - ================================================================================
