2025-12-19 09:28:59,044 - HumanitarianLogistics - INFO - Logging initialized. Log file: Z:\Paper5-Graph\Gams Model v012 - Object orenting model\output\logs\optimization_20251219_092859.log
2025-12-19 09:28:59,045 - HumanitarianLogistics - INFO - Starting optimization system
2025-12-19 09:28:59,046 - HumanitarianLogistics - INFO - Loading configuration...
2025-12-19 09:28:59,059 - HumanitarianLogistics - INFO -   Configuration loaded from model_config.yaml
2025-12-19 09:28:59,059 - HumanitarianLogistics - INFO - 
================================================================================
2025-12-19 09:28:59,060 - HumanitarianLogistics - INFO - PHASE 1: DATA LOADING
2025-12-19 09:28:59,060 - HumanitarianLogistics - INFO - ================================================================================
2025-12-19 09:28:59,061 - DataManager - INFO - Loading all input data...
2025-12-19 09:28:59,061 - DataManager - INFO -   Loading demand from demand(i,k,r,t).csv...
2025-12-19 09:28:59,067 - DataManager - INFO -   Sets: 13 locations, 32 periods, 3 products, 2 services
2025-12-19 09:28:59,068 - HumanitarianLogistics - INFO - 
================================================================================
2025-12-19 09:28:59,069 - HumanitarianLogistics - INFO - PHASE 2: MODEL BUILDING
2025-12-19 09:28:59,069 - HumanitarianLogistics - INFO - ================================================================================
2025-12-19 09:28:59,165 - HumanitarianLogisticsModel - INFO - ================================================================================
2025-12-19 09:28:59,167 - HumanitarianLogisticsModel - INFO - BUILDING HUMANITARIAN LOGISTICS OPTIMIZATION MODEL
2025-12-19 09:28:59,167 - HumanitarianLogisticsModel - INFO - ================================================================================
2025-12-19 09:28:59,168 - SetBuilder - INFO - Building sets...
2025-12-19 09:28:59,273 - SetBuilder - INFO -   Created 9 sets
2025-12-19 09:28:59,273 - HumanitarianLogisticsModel - INFO - 
Building parameters...
2025-12-19 09:28:59,282 - DataManager - INFO -   Loaded network data: 156 arcs, 156 distances
2025-12-19 09:28:59,311 - ParameterManager - INFO -   Creating demand parameter...
2025-12-19 09:28:59,375 - ParameterManager - INFO -     5334 demand records created
2025-12-19 09:28:59,376 - ParameterManager - INFO -   Creating cost parameters...
2025-12-19 09:28:59,511 - ParameterManager - INFO -     Loaded 45 penalty values
2025-12-19 09:28:59,534 - DataManager - INFO -   Loaded initial inventory: 39 records
2025-12-19 09:28:59,538 - DataManager - INFO -   Loaded procurement allowance: 13 records
2025-12-19 09:28:59,614 - ParameterManager - INFO -     Loaded 39 initial inventory records
2025-12-19 09:28:59,633 - HumanitarianLogisticsModel - INFO -   Created 18 parameter groups
2025-12-19 09:28:59,633 - VariableBuilder - INFO - Building variables...
2025-12-19 09:28:59,807 - VariableBuilder - INFO -   Created 13 variables
2025-12-19 09:28:59,808 - HumanitarianLogisticsModel - INFO - 
Building objectives...
2025-12-19 09:28:59,808 - ObjectiveBuilder - INFO -   Building fairness objective...
2025-12-19 09:28:59,821 - ObjectiveBuilder - INFO -   Building cost objective...
2025-12-19 09:28:59,834 - ConstraintBuilder - INFO - Building constraints...
2025-12-19 09:28:59,847 - ConstraintBuilder - INFO -   Building initial conditions...
2025-12-19 09:28:59,997 - ConstraintBuilder - INFO -   Building flow balance constraints...
2025-12-19 09:29:00,039 - ConstraintBuilder - INFO -   Building capacity constraints...
2025-12-19 09:29:00,096 - ConstraintBuilder - INFO -   Building backlog constraints...
2025-12-19 09:29:00,303 - ConstraintBuilder - INFO -   Building fairness constraints...
2025-12-19 09:29:00,330 - ConstraintBuilder - INFO -   Building policy constraints...
2025-12-19 09:29:00,358 - ConstraintBuilder - INFO -   Created 34 equation groups
2025-12-19 09:29:00,359 - HumanitarianLogisticsModel - INFO - 
================================================================================
2025-12-19 09:29:00,359 - HumanitarianLogisticsModel - INFO - MODEL BUILD COMPLETE
2025-12-19 09:29:00,359 - HumanitarianLogisticsModel - INFO - ================================================================================
2025-12-19 09:29:00,360 - HumanitarianLogistics - INFO - 
================================================================================
2025-12-19 09:29:00,360 - HumanitarianLogistics - INFO - PHASE 3: OPTIMIZATION
2025-12-19 09:29:00,361 - HumanitarianLogistics - INFO - ================================================================================
2025-12-19 09:29:00,366 - TwoStageSolver - INFO - ================================================================================
2025-12-19 09:29:00,367 - TwoStageSolver - INFO - STAGE 1: FAIRNESS MAXIMIZATION
2025-12-19 09:29:00,367 - TwoStageSolver - INFO - ================================================================================
2025-12-19 09:29:00,368 - TwoStageSolver - INFO -   Solver: CPLEX
2025-12-19 09:29:00,368 - TwoStageSolver - INFO -   Problem: MIP
2025-12-19 09:29:00,369 - TwoStageSolver - INFO -   Objective: Maximize Sum(theta[t])
2025-12-19 09:29:03,089 - TwoStageSolver - INFO - 
================================================================================
2025-12-19 09:29:03,089 - TwoStageSolver - INFO - STAGE 1 COMPLETE
2025-12-19 09:29:03,090 - TwoStageSolver - INFO -   ThetaStar: 29.008168
2025-12-19 09:29:03,091 - TwoStageSolver - INFO -   Status: ModelStatus.OptimalGlobal
2025-12-19 09:29:03,091 - TwoStageSolver - INFO - ================================================================================
2025-12-19 09:29:03,122 - TwoStageSolver - INFO - 
================================================================================
2025-12-19 09:29:03,123 - TwoStageSolver - INFO - STAGE 2: COST MINIMIZATION
2025-12-19 09:29:03,123 - TwoStageSolver - INFO - ================================================================================
2025-12-19 09:29:03,123 - TwoStageSolver - INFO -   Solver: CPLEX
2025-12-19 09:29:03,124 - TwoStageSolver - INFO -   Problem: MIP
2025-12-19 09:29:03,124 - TwoStageSolver - INFO -   Objective: Minimize Total Cost
2025-12-19 09:29:03,125 - TwoStageSolver - INFO -   Fairness preserved: >= 29.008168
2025-12-19 09:29:10,601 - TwoStageSolver - INFO - 
================================================================================
2025-12-19 09:29:10,602 - TwoStageSolver - INFO - STAGE 2 COMPLETE
2025-12-19 09:29:10,602 - TwoStageSolver - INFO -   Total Cost: $1,013,836,434.00
2025-12-19 09:29:10,603 - TwoStageSolver - INFO -   Status: ModelStatus.Integer
2025-12-19 09:29:10,603 - TwoStageSolver - INFO - ================================================================================
2025-12-19 09:29:10,604 - HumanitarianLogistics - INFO - 
================================================================================
2025-12-19 09:29:10,604 - HumanitarianLogistics - INFO - PHASE 4: SOLUTION EXTRACTION
2025-12-19 09:29:10,605 - HumanitarianLogistics - INFO - ================================================================================
2025-12-19 09:29:10,605 - TwoStageSolver - INFO - 
================================================================================
2025-12-19 09:29:10,606 - TwoStageSolver - INFO - EXTRACTING SOLUTION DATA
2025-12-19 09:29:10,606 - TwoStageSolver - INFO - ================================================================================
2025-12-19 09:29:10,606 - TwoStageSolver - INFO - 
Loading variable records...
2025-12-19 09:29:10,607 - SolutionExtractor - INFO - Extracting solution data...
2025-12-19 09:29:10,607 - SolutionExtractor - INFO -   + x: 16224 records
2025-12-19 09:29:10,608 - SolutionExtractor - INFO -   + y: 1248 records
2025-12-19 09:29:10,608 - SolutionExtractor - INFO -   + Inv: 1248 records
2025-12-19 09:29:10,608 - SolutionExtractor - INFO -   + reloc: 10010 records
2025-12-19 09:29:10,609 - SolutionExtractor - INFO -   + staff: 832 records
2025-12-19 09:29:10,609 - SolutionExtractor - INFO -   + product_fulfilled: 11232 records
2025-12-19 09:29:10,610 - SolutionExtractor - INFO -   + service_delivered: 7488 records
2025-12-19 09:29:10,610 - SolutionExtractor - INFO -   + backlog_prod: 11232 records
2025-12-19 09:29:10,610 - SolutionExtractor - INFO -   + backlog_serv: 7488 records
2025-12-19 09:29:10,611 - SolutionExtractor - INFO -   + Exp: 6240 records
2025-12-19 09:29:10,611 - SolutionExtractor - INFO -   + theta: 32 records
2025-12-19 09:29:10,612 - SolutionExtractor - INFO - Computing objective breakdown...
2025-12-19 09:29:10,659 - HumanitarianLogistics - INFO - 
================================================================================
2025-12-19 09:29:10,660 - HumanitarianLogistics - INFO - PHASE 5: OUTPUT GENERATION
2025-12-19 09:29:10,660 - HumanitarianLogistics - INFO - ================================================================================
2025-12-19 09:29:10,681 - OutputManager - INFO - ================================================================================
2025-12-19 09:29:10,681 - OutputManager - INFO - GENERATING OUTPUTS
2025-12-19 09:29:10,682 - OutputManager - INFO - ================================================================================
2025-12-19 09:29:10,682 - CSVWriter - INFO - Saving CSV files...
2025-12-19 09:29:10,785 - CSVWriter - INFO -   + x_Shipment.csv (16224 records)
2025-12-19 09:29:10,800 - CSVWriter - INFO -   + y_Procurement.csv (1248 records)
2025-12-19 09:29:10,814 - CSVWriter - INFO -   + Inv_Inventory.csv (1248 records)
2025-12-19 09:29:10,873 - CSVWriter - INFO -   + reloc_StaffRelocation.csv (10010 records)
2025-12-19 09:29:10,884 - CSVWriter - INFO -   + staff_Deployment.csv (832 records)
2025-12-19 09:29:10,951 - CSVWriter - INFO -   + product_fulfilled.csv (11232 records)
2025-12-19 09:29:10,994 - CSVWriter - INFO -   + service_delivered.csv (7488 records)
2025-12-19 09:29:11,064 - CSVWriter - INFO -   + backlog_prod.csv (11232 records)
2025-12-19 09:29:11,110 - CSVWriter - INFO -   + backlog_serv.csv (7488 records)
2025-12-19 09:29:11,148 - CSVWriter - INFO -   + Exp_ExpiredDemand.csv (6240 records)
2025-12-19 09:29:11,157 - CSVWriter - INFO -   + theta_Fairness.csv (32 records)
2025-12-19 09:29:11,157 - CSVWriter - INFO -   Saved 11 CSV files to Z:\Paper5-Graph\Gams Model v012 - Object orenting model\output\csvs
2025-12-19 09:29:11,158 - ExcelWriter - INFO - Saving Excel report to optimization_results.xlsx...
2025-12-19 09:29:23,023 - ExcelWriter - INFO -   Excel report saved successfully
2025-12-19 09:29:23,024 - OutputManager - INFO - 
Generating text reports...
2025-12-19 09:29:23,035 - OutputManager - INFO -   + summary_report.txt
2025-12-19 09:29:23,045 - OutputManager - INFO -   + expired_demand_report.txt
2025-12-19 09:29:23,048 - OutputManager - INFO - 
Generating visualization data...
2025-12-19 09:29:23,053 - VisualizationPrep - INFO - Preparing visualization data...
2025-12-19 09:29:23,070 - VisualizationPrep - INFO -     Loaded x_Shipment.csv
2025-12-19 09:29:23,075 - VisualizationPrep - INFO -     Loaded Inv_Inventory.csv
2025-12-19 09:29:23,080 - VisualizationPrep - INFO -     Loaded staff_Deployment.csv
2025-12-19 09:29:23,093 - VisualizationPrep - INFO -     Loaded product_fulfilled.csv
2025-12-19 09:29:23,105 - VisualizationPrep - INFO -     Loaded service_delivered.csv
2025-12-19 09:29:23,120 - VisualizationPrep - INFO -     Loaded backlog_prod.csv
2025-12-19 09:29:23,131 - VisualizationPrep - INFO -     Loaded backlog_serv.csv
2025-12-19 09:29:23,137 - VisualizationPrep - INFO -     Loaded y_Procurement.csv
2025-12-19 09:29:23,151 - VisualizationPrep - INFO -     Loaded reloc_StaffRelocation.csv
2025-12-19 09:29:24,955 - OutputManager - WARNING -   Visualization prep failed: keys must be str, int, float, bool or None, not int64
2025-12-19 09:29:24,957 - OutputManager - INFO - 
================================================================================
2025-12-19 09:29:24,958 - OutputManager - INFO - ALL OUTPUTS SAVED SUCCESSFULLY
2025-12-19 09:29:24,958 - OutputManager - INFO - Output directory: Z:\Paper5-Graph\Gams Model v012 - Object orenting model\output
2025-12-19 09:29:24,959 - OutputManager - INFO - ================================================================================
2025-12-19 09:29:24,959 - HumanitarianLogistics - INFO - 
================================================================================
2025-12-19 09:29:24,960 - HumanitarianLogistics - INFO - OPTIMIZATION COMPLETED SUCCESSFULLY
2025-12-19 09:29:24,960 - HumanitarianLogistics - INFO - ================================================================================
2025-12-19 09:29:24,961 - HumanitarianLogistics - INFO - Total Cost: $1,013,836,434.00
2025-12-19 09:29:24,961 - HumanitarianLogistics - INFO - Fairness (ThetaStar): 29.008168
2025-12-19 09:29:24,961 - HumanitarianLogistics - INFO - Outputs saved to: Z:\Paper5-Graph\Gams Model v012 - Object orenting model\output
2025-12-19 09:29:24,962 - HumanitarianLogistics - INFO - ================================================================================
