2025-12-25 01:06:51,098 - HumanitarianLogistics - INFO - Logging initialized. Log file: Z:\Paper5-Graph\Gams Model v013\output\logs\optimization_20251225_010651.log
2025-12-25 01:06:51,099 - HumanitarianLogistics - INFO - Starting optimization system
2025-12-25 01:06:51,099 - HumanitarianLogistics - INFO - Loading configuration...
2025-12-25 01:06:51,114 - HumanitarianLogistics - INFO -   Configuration loaded from model_config.yaml
2025-12-25 01:06:51,115 - HumanitarianLogistics - INFO - 
================================================================================
2025-12-25 01:06:51,115 - HumanitarianLogistics - INFO - PHASE 1: DATA LOADING
2025-12-25 01:06:51,116 - HumanitarianLogistics - INFO - ================================================================================
2025-12-25 01:06:51,116 - DataManager - INFO - Loading all input data...
2025-12-25 01:06:51,117 - DataManager - INFO -   Loading demand from demand(i,k,r,t).csv...
2025-12-25 01:06:51,123 - DataManager - INFO -   Sets: 13 locations, 32 periods, 3 products, 2 services
2025-12-25 01:06:51,123 - HumanitarianLogistics - INFO - 
================================================================================
2025-12-25 01:06:51,124 - HumanitarianLogistics - INFO - PHASE 2: MODEL BUILDING
2025-12-25 01:06:51,124 - HumanitarianLogistics - INFO - ================================================================================
2025-12-25 01:06:51,233 - HumanitarianLogisticsModel - INFO - ================================================================================
2025-12-25 01:06:51,234 - HumanitarianLogisticsModel - INFO - BUILDING HUMANITARIAN LOGISTICS OPTIMIZATION MODEL
2025-12-25 01:06:51,234 - HumanitarianLogisticsModel - INFO - ================================================================================
2025-12-25 01:06:51,235 - SetBuilder - INFO - Building sets...
2025-12-25 01:06:51,347 - SetBuilder - INFO -   Created 9 sets
2025-12-25 01:06:51,348 - HumanitarianLogisticsModel - INFO - 
Building parameters...
2025-12-25 01:06:51,358 - DataManager - INFO -   Loaded network data: 156 arcs, 156 distances
2025-12-25 01:06:51,393 - ParameterManager - INFO -   Creating demand parameter...
2025-12-25 01:06:51,458 - ParameterManager - INFO -     5334 demand records created
2025-12-25 01:06:51,459 - ParameterManager - INFO -   Creating cost parameters...
2025-12-25 01:06:51,619 - ParameterManager - INFO -     Loaded 45 penalty values
2025-12-25 01:06:51,642 - DataManager - INFO -   Loaded initial inventory: 39 records
2025-12-25 01:06:51,645 - DataManager - INFO -   Loaded procurement allowance: 13 records
2025-12-25 01:06:51,734 - ParameterManager - INFO -     Loaded 39 initial inventory records
2025-12-25 01:06:51,752 - HumanitarianLogisticsModel - INFO -   Created 18 parameter groups
2025-12-25 01:06:51,753 - VariableBuilder - INFO - Building variables...
2025-12-25 01:06:51,942 - VariableBuilder - INFO -   Created 13 variables
2025-12-25 01:06:51,942 - HumanitarianLogisticsModel - INFO - 
Building objectives...
2025-12-25 01:06:51,943 - ObjectiveBuilder - INFO -   Building fairness objective...
2025-12-25 01:06:51,957 - ObjectiveBuilder - INFO -   Building cost objective...
2025-12-25 01:06:51,971 - ConstraintBuilder - INFO - Building constraints...
2025-12-25 01:06:51,987 - ConstraintBuilder - INFO -   Building initial conditions...
2025-12-25 01:06:52,150 - ConstraintBuilder - INFO -   Building flow balance constraints...
2025-12-25 01:06:52,196 - ConstraintBuilder - INFO -   Building capacity constraints...
2025-12-25 01:06:52,256 - ConstraintBuilder - INFO -   Building backlog constraints...
2025-12-25 01:06:52,473 - ConstraintBuilder - INFO -   Building fairness constraints...
2025-12-25 01:06:52,507 - ConstraintBuilder - INFO -   Building policy constraints...
2025-12-25 01:06:52,537 - ConstraintBuilder - INFO -   Created 34 equation groups
2025-12-25 01:06:52,537 - HumanitarianLogisticsModel - INFO - 
================================================================================
2025-12-25 01:06:52,538 - HumanitarianLogisticsModel - INFO - MODEL BUILD COMPLETE
2025-12-25 01:06:52,538 - HumanitarianLogisticsModel - INFO - ================================================================================
2025-12-25 01:06:52,539 - HumanitarianLogistics - INFO - 
================================================================================
2025-12-25 01:06:52,539 - HumanitarianLogistics - INFO - PHASE 3: OPTIMIZATION
2025-12-25 01:06:52,540 - HumanitarianLogistics - INFO - ================================================================================
2025-12-25 01:06:52,545 - TwoStageSolver - INFO - ================================================================================
2025-12-25 01:06:52,545 - TwoStageSolver - INFO - STAGE 1: FAIRNESS MAXIMIZATION
2025-12-25 01:06:52,546 - TwoStageSolver - INFO - ================================================================================
2025-12-25 01:06:52,546 - TwoStageSolver - INFO -   Solver: CPLEX
2025-12-25 01:06:52,547 - TwoStageSolver - INFO -   Problem: MIP
2025-12-25 01:06:52,547 - TwoStageSolver - INFO -   Objective: Maximize Sum(theta[t])
2025-12-25 01:06:55,294 - TwoStageSolver - INFO - 
================================================================================
2025-12-25 01:06:55,295 - TwoStageSolver - INFO - STAGE 1 COMPLETE
2025-12-25 01:06:55,295 - TwoStageSolver - INFO -   ThetaStar: 29.008168
2025-12-25 01:06:55,296 - TwoStageSolver - INFO -   Status: ModelStatus.OptimalGlobal
2025-12-25 01:06:55,296 - TwoStageSolver - INFO - ================================================================================
2025-12-25 01:06:55,332 - TwoStageSolver - INFO - 
================================================================================
2025-12-25 01:06:55,333 - TwoStageSolver - INFO - STAGE 2: COST MINIMIZATION
2025-12-25 01:06:55,333 - TwoStageSolver - INFO - ================================================================================
2025-12-25 01:06:55,333 - TwoStageSolver - INFO -   Solver: CPLEX
2025-12-25 01:06:55,334 - TwoStageSolver - INFO -   Problem: MIP
2025-12-25 01:06:55,334 - TwoStageSolver - INFO -   Objective: Minimize Total Cost
2025-12-25 01:06:55,335 - TwoStageSolver - INFO -   Fairness preserved: >= 29.008168
2025-12-25 01:07:03,285 - TwoStageSolver - INFO - 
================================================================================
2025-12-25 01:07:03,286 - TwoStageSolver - INFO - STAGE 2 COMPLETE
2025-12-25 01:07:03,286 - TwoStageSolver - INFO -   Total Cost: $1,013,836,434.00
2025-12-25 01:07:03,287 - TwoStageSolver - INFO -   Status: ModelStatus.Integer
2025-12-25 01:07:03,287 - TwoStageSolver - INFO - ================================================================================
2025-12-25 01:07:03,287 - HumanitarianLogistics - INFO - 
================================================================================
2025-12-25 01:07:03,288 - HumanitarianLogistics - INFO - PHASE 4: SOLUTION EXTRACTION
2025-12-25 01:07:03,288 - HumanitarianLogistics - INFO - ================================================================================
2025-12-25 01:07:03,289 - TwoStageSolver - INFO - 
================================================================================
2025-12-25 01:07:03,289 - TwoStageSolver - INFO - EXTRACTING SOLUTION DATA
2025-12-25 01:07:03,290 - TwoStageSolver - INFO - ================================================================================
2025-12-25 01:07:03,290 - TwoStageSolver - INFO - 
Loading variable records...
2025-12-25 01:07:03,291 - SolutionExtractor - INFO - Extracting solution data...
2025-12-25 01:07:03,292 - SolutionExtractor - INFO -   + x: 16224 records
2025-12-25 01:07:03,292 - SolutionExtractor - INFO -   + y: 1248 records
2025-12-25 01:07:03,293 - SolutionExtractor - INFO -   + Inv: 1248 records
2025-12-25 01:07:03,294 - SolutionExtractor - INFO -   + reloc: 10010 records
2025-12-25 01:07:03,294 - SolutionExtractor - INFO -   + staff: 832 records
2025-12-25 01:07:03,295 - SolutionExtractor - INFO -   + product_fulfilled: 11232 records
2025-12-25 01:07:03,295 - SolutionExtractor - INFO -   + service_delivered: 7488 records
2025-12-25 01:07:03,296 - SolutionExtractor - INFO -   + backlog_prod: 11232 records
2025-12-25 01:07:03,296 - SolutionExtractor - INFO -   + backlog_serv: 7488 records
2025-12-25 01:07:03,296 - SolutionExtractor - INFO -   + Exp: 6240 records
2025-12-25 01:07:03,297 - SolutionExtractor - INFO -   + theta: 32 records
2025-12-25 01:07:03,297 - SolutionExtractor - INFO - Computing objective breakdown...
2025-12-25 01:07:03,340 - HumanitarianLogistics - INFO - 
================================================================================
2025-12-25 01:07:03,341 - HumanitarianLogistics - INFO - PHASE 5: OUTPUT GENERATION
2025-12-25 01:07:03,342 - HumanitarianLogistics - INFO - ================================================================================
2025-12-25 01:07:03,385 - OutputManager - INFO - ================================================================================
2025-12-25 01:07:03,385 - OutputManager - INFO - GENERATING OUTPUTS
2025-12-25 01:07:03,386 - OutputManager - INFO - ================================================================================
2025-12-25 01:07:03,386 - CSVWriter - INFO - Saving CSV files...
2025-12-25 01:07:03,494 - CSVWriter - INFO -   + x_Shipment.csv (16224 records)
2025-12-25 01:07:03,513 - CSVWriter - INFO -   + y_Procurement.csv (1248 records)
2025-12-25 01:07:03,531 - CSVWriter - INFO -   + Inv_Inventory.csv (1248 records)
2025-12-25 01:07:03,599 - CSVWriter - INFO -   + reloc_StaffRelocation.csv (10010 records)
2025-12-25 01:07:03,615 - CSVWriter - INFO -   + staff_Deployment.csv (832 records)
2025-12-25 01:07:03,690 - CSVWriter - INFO -   + product_fulfilled.csv (11232 records)
2025-12-25 01:07:03,754 - CSVWriter - INFO -   + service_delivered.csv (7488 records)
2025-12-25 01:07:03,849 - CSVWriter - INFO -   + backlog_prod.csv (11232 records)
2025-12-25 01:07:03,912 - CSVWriter - INFO -   + backlog_serv.csv (7488 records)
2025-12-25 01:07:03,967 - CSVWriter - INFO -   + Exp_ExpiredDemand.csv (6240 records)
2025-12-25 01:07:03,981 - CSVWriter - INFO -   + theta_Fairness.csv (32 records)
2025-12-25 01:07:03,982 - CSVWriter - INFO -   Saved 11 CSV files to Z:\Paper5-Graph\Gams Model v013\output\csvs
2025-12-25 01:07:03,983 - ExcelWriter - INFO - Saving Excel report to optimization_results.xlsx...
2025-12-25 01:07:16,237 - ExcelWriter - INFO -   Excel report saved successfully
2025-12-25 01:07:16,238 - OutputManager - INFO - 
Generating text reports...
2025-12-25 01:07:16,253 - OutputManager - INFO -   + summary_report.txt
2025-12-25 01:07:16,268 - OutputManager - INFO -   + expired_demand_report.txt
2025-12-25 01:07:16,269 - OutputManager - INFO - 
Generating visualization data...
2025-12-25 01:07:16,273 - VisualizationPrep - INFO - Preparing visualization data...
2025-12-25 01:07:16,291 - VisualizationPrep - INFO -     Loaded x_Shipment.csv
2025-12-25 01:07:16,296 - VisualizationPrep - INFO -     Loaded Inv_Inventory.csv
2025-12-25 01:07:16,301 - VisualizationPrep - INFO -     Loaded staff_Deployment.csv
2025-12-25 01:07:16,316 - VisualizationPrep - INFO -     Loaded product_fulfilled.csv
2025-12-25 01:07:16,328 - VisualizationPrep - INFO -     Loaded service_delivered.csv
2025-12-25 01:07:16,342 - VisualizationPrep - INFO -     Loaded backlog_prod.csv
2025-12-25 01:07:16,353 - VisualizationPrep - INFO -     Loaded backlog_serv.csv
2025-12-25 01:07:16,365 - VisualizationPrep - INFO -     Loaded Exp_ExpiredDemand.csv
2025-12-25 01:07:16,377 - VisualizationPrep - INFO -     Loaded reloc_StaffRelocation.csv
2025-12-25 01:07:19,271 - VisualizationPrep - INFO -     Saved viz_data.js (991 flows, 13 locations)
2025-12-25 01:07:19,272 - VisualizationPrep - INFO -   Visualization data saved to Z:\Paper5-Graph\Gams Model v013\output\visualizations
2025-12-25 01:07:19,275 - OutputManager - INFO - 
================================================================================
2025-12-25 01:07:19,275 - OutputManager - INFO - ALL OUTPUTS SAVED SUCCESSFULLY
2025-12-25 01:07:19,277 - OutputManager - INFO - Output directory: Z:\Paper5-Graph\Gams Model v013\output
2025-12-25 01:07:19,278 - OutputManager - INFO - ================================================================================
2025-12-25 01:07:19,279 - HumanitarianLogistics - INFO - 
================================================================================
2025-12-25 01:07:19,280 - HumanitarianLogistics - INFO - OPTIMIZATION COMPLETED SUCCESSFULLY
2025-12-25 01:07:19,280 - HumanitarianLogistics - INFO - ================================================================================
2025-12-25 01:07:19,281 - HumanitarianLogistics - INFO - Total Cost: $1,013,836,434.00
2025-12-25 01:07:19,282 - HumanitarianLogistics - INFO - Fairness (ThetaStar): 29.008168
2025-12-25 01:07:19,283 - HumanitarianLogistics - INFO - Outputs saved to: Z:\Paper5-Graph\Gams Model v013\output
2025-12-25 01:07:19,284 - HumanitarianLogistics - INFO - ================================================================================
