2026-01-29 18:45:06,832 - HumanitarianLogistics - INFO - Logging initialized. Log file: Z:\Paper 5-Graph\Gams Model v013 - - Copy\output\logs\optimization_20260129_184506.log
2026-01-29 18:45:06,832 - HumanitarianLogistics - INFO - Starting optimization system
2026-01-29 18:45:06,833 - HumanitarianLogistics - INFO - Loading configuration...
2026-01-29 18:45:06,847 - HumanitarianLogistics - INFO -   Configuration loaded from model_config.yaml
2026-01-29 18:45:06,847 - HumanitarianLogistics - INFO - 
================================================================================
2026-01-29 18:45:06,849 - HumanitarianLogistics - INFO - PHASE 1: DATA LOADING
2026-01-29 18:45:06,849 - HumanitarianLogistics - INFO - ================================================================================
2026-01-29 18:45:06,849 - DataManager - INFO - Loading all input data...
2026-01-29 18:45:06,851 - DataManager - INFO -   Loading demand from demand(i,k,r,t).csv...
2026-01-29 18:45:06,856 - DataManager - INFO -   Sets: 13 locations, 32 periods, 3 products, 2 services
2026-01-29 18:45:06,858 - HumanitarianLogistics - INFO - 
================================================================================
2026-01-29 18:45:06,858 - HumanitarianLogistics - INFO - PHASE 2: MODEL BUILDING
2026-01-29 18:45:06,858 - HumanitarianLogistics - INFO - ================================================================================
2026-01-29 18:45:08,385 - HumanitarianLogisticsModel - INFO - ================================================================================
2026-01-29 18:45:08,386 - HumanitarianLogisticsModel - INFO - BUILDING HUMANITARIAN LOGISTICS OPTIMIZATION MODEL
2026-01-29 18:45:08,387 - HumanitarianLogisticsModel - INFO - ================================================================================
2026-01-29 18:45:08,387 - SetBuilder - INFO - Building sets...
2026-01-29 18:45:08,505 - SetBuilder - INFO -   Created 9 sets
2026-01-29 18:45:08,506 - HumanitarianLogisticsModel - INFO - 
Building parameters...
2026-01-29 18:45:08,517 - DataManager - INFO -   Loaded network data: 156 arcs, 156 distances
2026-01-29 18:45:08,554 - ParameterManager - INFO -   Creating demand parameter...
2026-01-29 18:45:08,624 - ParameterManager - INFO -     5334 demand records created
2026-01-29 18:45:08,626 - ParameterManager - INFO -   Creating cost parameters...
2026-01-29 18:45:08,792 - ParameterManager - INFO -     Loaded 45 penalty values
2026-01-29 18:45:08,817 - DataManager - INFO -   Loaded initial inventory: 39 records
2026-01-29 18:45:08,821 - DataManager - INFO -   Loaded procurement allowance: 13 records
2026-01-29 18:45:08,918 - ParameterManager - INFO -     Loaded 39 initial inventory records
2026-01-29 18:45:08,942 - HumanitarianLogisticsModel - INFO -   Created 18 parameter groups
2026-01-29 18:45:08,943 - VariableBuilder - INFO - Building variables...
2026-01-29 18:45:09,186 - VariableBuilder - INFO -   Created 15 variables
2026-01-29 18:45:09,187 - HumanitarianLogisticsModel - INFO - 
Building objectives...
2026-01-29 18:45:09,189 - ObjectiveBuilder - INFO -   Building fairness objective...
2026-01-29 18:45:09,205 - ObjectiveBuilder - INFO -   Building cost objective...
2026-01-29 18:45:09,222 - ConstraintBuilder - INFO - Building constraints...
2026-01-29 18:45:09,239 - ConstraintBuilder - INFO -   Building initial conditions...
2026-01-29 18:45:09,435 - ConstraintBuilder - INFO -   Building flow balance constraints...
2026-01-29 18:45:09,482 - ConstraintBuilder - INFO -   Building capacity constraints...
2026-01-29 18:45:09,550 - ConstraintBuilder - INFO -   Building backlog constraints...
2026-01-29 18:45:09,784 - ConstraintBuilder - INFO -   Building fairness constraints with linearization...
2026-01-29 18:45:10,034 - ConstraintBuilder - INFO -   Building policy constraints...
2026-01-29 18:45:10,064 - ConstraintBuilder - INFO -   Created 46 equation groups
2026-01-29 18:45:10,065 - HumanitarianLogisticsModel - INFO - 
================================================================================
2026-01-29 18:45:10,067 - HumanitarianLogisticsModel - INFO - MODEL BUILD COMPLETE
2026-01-29 18:45:10,067 - HumanitarianLogisticsModel - INFO - ================================================================================
2026-01-29 18:45:10,067 - HumanitarianLogistics - INFO - 
================================================================================
2026-01-29 18:45:10,068 - HumanitarianLogistics - INFO - PHASE 3: OPTIMIZATION
2026-01-29 18:45:10,068 - HumanitarianLogistics - INFO - ================================================================================
2026-01-29 18:45:10,074 - TwoStageSolver - INFO - ================================================================================
2026-01-29 18:45:10,075 - TwoStageSolver - INFO - STAGE 1: FAIRNESS MAXIMIZATION
2026-01-29 18:45:10,076 - TwoStageSolver - INFO - ================================================================================
2026-01-29 18:45:10,077 - TwoStageSolver - INFO -   Solver: CPLEX
2026-01-29 18:45:10,077 - TwoStageSolver - INFO -   Problem: MIP
2026-01-29 18:45:10,077 - TwoStageSolver - INFO -   Objective: Maximize Sum(theta[t])
