2026-01-29 19:05:02,903 - HumanitarianLogistics - INFO - Logging initialized. Log file: Z:\Paper 5-Graph\Gams Model v013 - - Copy\output\logs\optimization_20260129_190502.log
2026-01-29 19:05:02,903 - HumanitarianLogistics - INFO - Starting optimization system
2026-01-29 19:05:02,903 - HumanitarianLogistics - INFO - Loading configuration...
2026-01-29 19:05:02,919 - HumanitarianLogistics - INFO -   Configuration loaded from model_config.yaml
2026-01-29 19:05:02,920 - HumanitarianLogistics - INFO - 
================================================================================
2026-01-29 19:05:02,920 - HumanitarianLogistics - INFO - PHASE 1: DATA LOADING
2026-01-29 19:05:02,921 - HumanitarianLogistics - INFO - ================================================================================
2026-01-29 19:05:02,922 - DataManager - INFO - Loading all input data...
2026-01-29 19:05:02,923 - DataManager - INFO -   Loading demand from demand(i,k,r,t).csv...
2026-01-29 19:05:02,931 - DataManager - INFO -   Sets: 13 locations, 32 periods, 3 products, 2 services
2026-01-29 19:05:02,932 - HumanitarianLogistics - INFO - 
================================================================================
2026-01-29 19:05:02,933 - HumanitarianLogistics - INFO - PHASE 2: MODEL BUILDING
2026-01-29 19:05:02,933 - HumanitarianLogistics - INFO - ================================================================================
2026-01-29 19:05:03,050 - HumanitarianLogisticsModel - INFO - ================================================================================
2026-01-29 19:05:03,051 - HumanitarianLogisticsModel - INFO - BUILDING HUMANITARIAN LOGISTICS OPTIMIZATION MODEL
2026-01-29 19:05:03,052 - HumanitarianLogisticsModel - INFO - ================================================================================
2026-01-29 19:05:03,052 - SetBuilder - INFO - Building sets...
2026-01-29 19:05:03,170 - SetBuilder - INFO -   Created 9 sets
2026-01-29 19:05:03,171 - HumanitarianLogisticsModel - INFO - 
Building parameters...
2026-01-29 19:05:03,180 - DataManager - INFO -   Loaded network data: 156 arcs, 156 distances
2026-01-29 19:05:03,218 - ParameterManager - INFO -   Creating demand parameter...
2026-01-29 19:05:03,287 - ParameterManager - INFO -     5334 demand records created
2026-01-29 19:05:03,288 - ParameterManager - INFO -   Creating cost parameters...
2026-01-29 19:05:03,458 - ParameterManager - INFO -     Loaded 45 penalty values
2026-01-29 19:05:03,483 - DataManager - INFO -   Loaded initial inventory: 39 records
2026-01-29 19:05:03,486 - DataManager - INFO -   Loaded procurement allowance: 13 records
2026-01-29 19:05:03,580 - ParameterManager - INFO -     Loaded 39 initial inventory records
2026-01-29 19:05:03,601 - HumanitarianLogisticsModel - INFO -   Created 18 parameter groups
2026-01-29 19:05:03,602 - VariableBuilder - INFO - Building variables...
2026-01-29 19:05:03,839 - VariableBuilder - INFO -   Created 15 variables
2026-01-29 19:05:03,840 - HumanitarianLogisticsModel - INFO - 
Building objectives...
2026-01-29 19:05:03,841 - ObjectiveBuilder - INFO -   Building fairness objective...
2026-01-29 19:05:03,858 - ObjectiveBuilder - INFO -   Building cost objective...
2026-01-29 19:05:03,875 - ConstraintBuilder - INFO - Building constraints...
2026-01-29 19:05:03,892 - ConstraintBuilder - INFO -   Building initial conditions...
2026-01-29 19:05:04,069 - ConstraintBuilder - INFO -   Building flow balance constraints...
2026-01-29 19:05:04,120 - ConstraintBuilder - INFO -   Building capacity constraints...
2026-01-29 19:05:04,186 - ConstraintBuilder - INFO -   Building backlog constraints...
2026-01-29 19:05:04,439 - ConstraintBuilder - INFO -   Building fairness constraints with linearization...
2026-01-29 19:05:04,694 - ConstraintBuilder - INFO -   Building policy constraints...
2026-01-29 19:05:04,730 - ConstraintBuilder - INFO -   Created 46 equation groups
2026-01-29 19:05:04,730 - HumanitarianLogisticsModel - INFO - 
================================================================================
2026-01-29 19:05:04,731 - HumanitarianLogisticsModel - INFO - MODEL BUILD COMPLETE
2026-01-29 19:05:04,731 - HumanitarianLogisticsModel - INFO - ================================================================================
2026-01-29 19:05:04,732 - HumanitarianLogistics - INFO - 
================================================================================
2026-01-29 19:05:04,733 - HumanitarianLogistics - INFO - PHASE 3: OPTIMIZATION
2026-01-29 19:05:04,734 - HumanitarianLogistics - INFO - ================================================================================
2026-01-29 19:05:04,739 - TwoStageSolver - INFO - ================================================================================
2026-01-29 19:05:04,740 - TwoStageSolver - INFO - STAGE 1: FAIRNESS MAXIMIZATION
2026-01-29 19:05:04,740 - TwoStageSolver - INFO - ================================================================================
2026-01-29 19:05:04,741 - TwoStageSolver - INFO -   Solver: CPLEX
2026-01-29 19:05:04,742 - TwoStageSolver - INFO -   Problem: MIP
2026-01-29 19:05:04,742 - TwoStageSolver - INFO -   Objective: Maximize Sum(theta[t])
2026-01-29 19:05:04,743 - TwoStageSolver - INFO -   Time Limit: 900 seconds
2026-01-29 19:05:04,743 - TwoStageSolver - INFO -   Gap Tolerance: 0.50%
2026-01-29 19:05:04,744 - HumanitarianLogistics - ERROR - ================================================================================
2026-01-29 19:05:04,745 - HumanitarianLogistics - ERROR - OPTIMIZATION FAILED
2026-01-29 19:05:04,745 - HumanitarianLogistics - ERROR - ================================================================================
2026-01-29 19:05:04,746 - HumanitarianLogistics - ERROR - Error: "Options" object has no field "mip_emphasis"
Traceback (most recent call last):
  File "Z:\Paper 5-Graph\Gams Model v013 - - Copy\main.py", line 119, in main
    theta_star = solver.solve_stage1(stage1_model)
                 ^^^^^^^^^^^^^^^^^^^^^^^^^^^^^^^^^
  File "Z:\Paper 5-Graph\Gams Model v013 - - Copy\src\solver\solver_manager.py", line 61, in solve_stage1
    solve_options.mip_emphasis = emphasis
    ^^^^^^^^^^^^^^^^^^^^^^^^^^
  File "C:\Users\ajamali\AppData\Roaming\Python\Python311\site-packages\pydantic\main.py", line 774, in __setattr__
    raise ValueError(f'"{self.__class__.__name__}" object has no field "{name}"')
ValueError: "Options" object has no field "mip_emphasis"
2026-01-29 19:05:04,754 - HumanitarianLogistics - ERROR - ================================================================================
